2026-02-22 00:21:32,900 | TRANSPORT_LAYER      | INFO     | Transport layer initializated
2026-02-22 00:21:37,902 | TRANSPORT_LAYER      | INFO     | Transport layer receiving connection with module: <class 'shared.communication_architecture.layers.transport.modules.tcpip.TransportModule'>, with configurations: <configurations.classes.configurations.Configurations object at 0x7a2fc7e84a10>
2026-02-22 00:21:37,903 | TRANSPORT_TCP_IP     | INFO     | Module configurated
2026-02-22 00:21:37,903 | TRANSPORT_TCP_IP     | INFO     | Module initializated
2026-02-22 00:21:37,903 | TRANSPORT_TCP_IP     | INFO     | Receiving connection with the module
2026-02-22 00:21:37,904 | TRANSPORT_TCP_IP     | INFO     | Starting receiver connections routine
2026-02-22 00:21:37,904 | TRANSPORT_LAYER      | INFO     | Connection (receive) registered with the identifier: 1
2026-02-22 00:21:37,910 | TRANSPORT_TCP_IP     | INFO     | Receiving connections of type: 2, with TCP
2026-02-22 00:21:37,910 | TRANSPORT_TCP_IP     | INFO     | Successfully binded the server
2026-02-22 00:21:37,911 | TRANSPORT_TCP_IP     | INFO     | Starting receive connections process
2026-02-22 00:21:37,930 | PROTECTION_LAYER     | INFO     | Protection layer initializated
2026-02-22 00:21:37,931 | PROTECTION_LAYER     | INFO     | Starting negotation with role: ACTIVE, with the connection: 1
2026-02-22 00:21:38,032 | TRANSPORT_LAYER      | INFO     | Data received: b'', with length: 0, from the connection: 1
2026-02-22 00:21:38,143 | TRANSPORT_LAYER      | INFO     | Data received: b'', with length: 0, from the connection: 1
2026-02-22 00:21:38,254 | TRANSPORT_LAYER      | INFO     | Data received: b'', with length: 0, from the connection: 1
2026-02-22 00:21:38,365 | TRANSPORT_LAYER      | INFO     | Data received: b'', with length: 0, from the connection: 1
2026-02-22 00:21:38,476 | TRANSPORT_LAYER      | INFO     | Data received: b'', with length: 0, from the connection: 1
2026-02-22 00:21:38,587 | TRANSPORT_LAYER      | INFO     | Data received: b'', with length: 0, from the connection: 1
2026-02-22 00:21:38,699 | TRANSPORT_LAYER      | INFO     | Data received: b'', with length: 0, from the connection: 1
2026-02-22 00:21:38,810 | TRANSPORT_LAYER      | INFO     | Data received: b'', with length: 0, from the connection: 1
2026-02-22 00:21:38,912 | TRANSPORT_TCP_IP     | ERROR    | Expired timeout on the connection reception
2026-02-22 00:21:38,921 | TRANSPORT_LAYER      | INFO     | Data received: b'', with length: 0, from the connection: 1
2026-02-22 00:21:39,032 | TRANSPORT_LAYER      | INFO     | Data received: b'', with length: 0, from the connection: 1
2026-02-22 00:21:39,144 | TRANSPORT_LAYER      | INFO     | Data received: b'', with length: 0, from the connection: 1
2026-02-22 00:21:39,255 | TRANSPORT_LAYER      | INFO     | Data received: b'', with length: 0, from the connection: 1
2026-02-22 00:21:39,367 | TRANSPORT_LAYER      | INFO     | Data received: b'', with length: 0, from the connection: 1
2026-02-22 00:21:39,478 | TRANSPORT_LAYER      | INFO     | Data received: b'', with length: 0, from the connection: 1
2026-02-22 00:21:39,589 | TRANSPORT_LAYER      | INFO     | Data received: b'', with length: 0, from the connection: 1
2026-02-22 00:21:39,701 | TRANSPORT_LAYER      | INFO     | Data received: b'', with length: 0, from the connection: 1
2026-02-22 00:21:39,812 | TRANSPORT_LAYER      | INFO     | Data received: b'', with length: 0, from the connection: 1
2026-02-22 00:21:39,862 | TRANSPORT_TCP_IP     | INFO     | Connection received from the remote address: ('127.0.0.1', 36836)
2026-02-22 00:21:39,862 | TRANSPORT_TCP_IP     | INFO     | Establishing the new connection (socket) on the module
2026-02-22 00:21:39,863 | TRANSPORT_TCP_IP     | INFO     | Starting data receiver routine
2026-02-22 00:21:39,923 | TRANSPORT_LAYER      | INFO     | Data received: b'', with length: 0, from the connection: 1
2026-02-22 00:21:40,034 | TRANSPORT_LAYER      | INFO     | Data received: b'', with length: 0, from the connection: 1
2026-02-22 00:21:40,144 | TRANSPORT_LAYER      | INFO     | Data received: b'', with length: 0, from the connection: 1
2026-02-22 00:21:40,256 | TRANSPORT_LAYER      | INFO     | Data received: b'', with length: 0, from the connection: 1
2026-02-22 00:21:40,367 | TRANSPORT_LAYER      | INFO     | Data received: b'', with length: 0, from the connection: 1
2026-02-22 00:21:40,479 | TRANSPORT_LAYER      | INFO     | Data received: b'', with length: 0, from the connection: 1
2026-02-22 00:21:40,590 | TRANSPORT_LAYER      | INFO     | Data received: b'', with length: 0, from the connection: 1
2026-02-22 00:21:40,701 | TRANSPORT_LAYER      | INFO     | Data received: b'', with length: 0, from the connection: 1
2026-02-22 00:21:40,812 | TRANSPORT_LAYER      | INFO     | Data received: b'', with length: 0, from the connection: 1
2026-02-22 00:21:40,865 | TRANSPORT_TCP_IP     | ERROR    | Expired timeout on the connection reception
2026-02-22 00:21:40,924 | TRANSPORT_LAYER      | INFO     | Data received: b'', with length: 0, from the connection: 1
2026-02-22 00:21:41,035 | TRANSPORT_LAYER      | INFO     | Data received: b'', with length: 0, from the connection: 1
2026-02-22 00:21:41,146 | TRANSPORT_LAYER      | INFO     | Data received: b'', with length: 0, from the connection: 1
2026-02-22 00:21:41,257 | TRANSPORT_LAYER      | INFO     | Data received: b'', with length: 0, from the connection: 1
2026-02-22 00:21:41,368 | TRANSPORT_LAYER      | INFO     | Data received: b'', with length: 0, from the connection: 1
2026-02-22 00:21:41,479 | TRANSPORT_LAYER      | INFO     | Data received: b'', with length: 0, from the connection: 1
2026-02-22 00:21:41,590 | TRANSPORT_LAYER      | INFO     | Data received: b'', with length: 0, from the connection: 1
2026-02-22 00:21:41,702 | TRANSPORT_LAYER      | INFO     | Data received: b'', with length: 0, from the connection: 1
2026-02-22 00:21:41,813 | TRANSPORT_LAYER      | INFO     | Data received: b'', with length: 0, from the connection: 1
2026-02-22 00:21:41,866 | TRANSPORT_TCP_IP     | ERROR    | Expired timeout on the connection reception
2026-02-22 00:21:41,924 | TRANSPORT_LAYER      | INFO     | Data received: b'', with length: 0, from the connection: 1
2026-02-22 00:21:42,035 | TRANSPORT_LAYER      | INFO     | Data received: b'', with length: 0, from the connection: 1
2026-02-22 00:21:42,146 | TRANSPORT_LAYER      | INFO     | Data received: b'', with length: 0, from the connection: 1
2026-02-22 00:21:42,257 | TRANSPORT_LAYER      | INFO     | Data received: b'', with length: 0, from the connection: 1
2026-02-22 00:21:42,368 | TRANSPORT_LAYER      | INFO     | Data received: b'', with length: 0, from the connection: 1
2026-02-22 00:21:42,479 | TRANSPORT_LAYER      | INFO     | Data received: b'', with length: 0, from the connection: 1
2026-02-22 00:21:42,590 | TRANSPORT_LAYER      | INFO     | Data received: b'', with length: 0, from the connection: 1
2026-02-22 00:21:42,701 | TRANSPORT_LAYER      | INFO     | Data received: b'', with length: 0, from the connection: 1
2026-02-22 00:21:42,812 | TRANSPORT_LAYER      | INFO     | Data received: b'', with length: 0, from the connection: 1
2026-02-22 00:21:42,867 | TRANSPORT_TCP_IP     | ERROR    | Expired timeout on the connection reception
2026-02-22 00:21:42,923 | TRANSPORT_LAYER      | INFO     | Data received: b'', with length: 0, from the connection: 1
2026-02-22 00:21:43,034 | TRANSPORT_LAYER      | INFO     | Data received: b'', with length: 0, from the connection: 1
2026-02-22 00:21:43,145 | TRANSPORT_LAYER      | INFO     | Data received: b'', with length: 0, from the connection: 1
2026-02-22 00:21:43,256 | TRANSPORT_LAYER      | INFO     | Data received: b'', with length: 0, from the connection: 1
2026-02-22 00:21:43,367 | TRANSPORT_LAYER      | INFO     | Data received: b'', with length: 0, from the connection: 1
2026-02-22 00:21:43,478 | TRANSPORT_LAYER      | INFO     | Data received: b'', with length: 0, from the connection: 1
2026-02-22 00:21:43,590 | TRANSPORT_LAYER      | INFO     | Data received: b'', with length: 0, from the connection: 1
2026-02-22 00:21:43,701 | TRANSPORT_LAYER      | INFO     | Data received: b'', with length: 0, from the connection: 1
2026-02-22 00:21:43,812 | TRANSPORT_LAYER      | INFO     | Data received: b'', with length: 0, from the connection: 1
2026-02-22 00:21:43,868 | TRANSPORT_TCP_IP     | ERROR    | Expired timeout on the connection reception
2026-02-22 00:21:43,922 | TRANSPORT_LAYER      | INFO     | Data received: b'', with length: 0, from the connection: 1
2026-02-22 00:21:44,034 | TRANSPORT_LAYER      | INFO     | Data received: b'', with length: 0, from the connection: 1
2026-02-22 00:21:44,145 | TRANSPORT_LAYER      | INFO     | Data received: b'', with length: 0, from the connection: 1
2026-02-22 00:21:44,257 | TRANSPORT_LAYER      | INFO     | Data received: b'', with length: 0, from the connection: 1
2026-02-22 00:21:44,368 | TRANSPORT_LAYER      | INFO     | Data received: b'', with length: 0, from the connection: 1
2026-02-22 00:21:44,479 | TRANSPORT_LAYER      | INFO     | Data received: b'', with length: 0, from the connection: 1
2026-02-22 00:21:44,591 | TRANSPORT_LAYER      | INFO     | Data received: b'', with length: 0, from the connection: 1
2026-02-22 00:21:44,703 | TRANSPORT_LAYER      | INFO     | Data received: b'', with length: 0, from the connection: 1
2026-02-22 00:21:44,814 | TRANSPORT_LAYER      | INFO     | Data received: b'', with length: 0, from the connection: 1
2026-02-22 00:21:44,869 | TRANSPORT_TCP_IP     | ERROR    | Expired timeout on the connection reception
2026-02-22 00:21:44,926 | TRANSPORT_LAYER      | INFO     | Data received: b'', with length: 0, from the connection: 1
2026-02-22 00:21:45,037 | TRANSPORT_LAYER      | INFO     | Data received: b'', with length: 0, from the connection: 1
2026-02-22 00:21:45,147 | TRANSPORT_LAYER      | INFO     | Data received: b'', with length: 0, from the connection: 1
2026-02-22 00:21:45,258 | TRANSPORT_LAYER      | INFO     | Data received: b'', with length: 0, from the connection: 1
2026-02-22 00:21:45,370 | TRANSPORT_LAYER      | INFO     | Data received: b'', with length: 0, from the connection: 1
2026-02-22 00:21:45,481 | TRANSPORT_LAYER      | INFO     | Data received: b'', with length: 0, from the connection: 1
2026-02-22 00:21:45,592 | TRANSPORT_LAYER      | INFO     | Data received: b'', with length: 0, from the connection: 1
2026-02-22 00:21:45,703 | TRANSPORT_LAYER      | INFO     | Data received: b'', with length: 0, from the connection: 1
2026-02-22 00:21:45,814 | TRANSPORT_LAYER      | INFO     | Data received: b'', with length: 0, from the connection: 1
2026-02-22 00:21:45,870 | TRANSPORT_TCP_IP     | ERROR    | Expired timeout on the connection reception
2026-02-22 00:21:45,926 | TRANSPORT_LAYER      | INFO     | Data received: b'', with length: 0, from the connection: 1
2026-02-22 00:21:46,037 | TRANSPORT_LAYER      | INFO     | Data received: b'', with length: 0, from the connection: 1
2026-02-22 00:21:46,148 | TRANSPORT_LAYER      | INFO     | Data received: b'', with length: 0, from the connection: 1
2026-02-22 00:21:46,259 | TRANSPORT_LAYER      | INFO     | Data received: b'', with length: 0, from the connection: 1
2026-02-22 00:21:46,370 | TRANSPORT_LAYER      | INFO     | Data received: b'', with length: 0, from the connection: 1
2026-02-22 00:21:46,481 | TRANSPORT_LAYER      | INFO     | Data received: b'', with length: 0, from the connection: 1
2026-02-22 00:21:46,592 | TRANSPORT_LAYER      | INFO     | Data received: b'', with length: 0, from the connection: 1
2026-02-22 00:21:46,704 | TRANSPORT_LAYER      | INFO     | Data received: b'', with length: 0, from the connection: 1
2026-02-22 00:21:46,815 | TRANSPORT_LAYER      | INFO     | Data received: b'', with length: 0, from the connection: 1
2026-02-22 00:21:46,873 | TRANSPORT_TCP_IP     | ERROR    | Expired timeout on the connection reception
2026-02-22 00:21:46,926 | TRANSPORT_LAYER      | INFO     | Data received: b'', with length: 0, from the connection: 1
2026-02-22 00:21:47,037 | TRANSPORT_LAYER      | INFO     | Data received: b'', with length: 0, from the connection: 1
2026-02-22 00:21:47,148 | TRANSPORT_LAYER      | INFO     | Data received: b'', with length: 0, from the connection: 1
2026-02-22 00:21:47,259 | TRANSPORT_LAYER      | INFO     | Data received: b'', with length: 0, from the connection: 1
2026-02-22 00:21:47,370 | TRANSPORT_LAYER      | INFO     | Data received: b'', with length: 0, from the connection: 1
2026-02-22 00:21:47,481 | TRANSPORT_LAYER      | INFO     | Data received: b'', with length: 0, from the connection: 1
2026-02-22 00:21:47,592 | TRANSPORT_LAYER      | INFO     | Data received: b'', with length: 0, from the connection: 1
2026-02-22 00:21:47,703 | TRANSPORT_LAYER      | INFO     | Data received: b'', with length: 0, from the connection: 1
2026-02-22 00:21:47,814 | TRANSPORT_LAYER      | INFO     | Data received: b'', with length: 0, from the connection: 1
2026-02-22 00:21:47,874 | TRANSPORT_TCP_IP     | ERROR    | Expired timeout on the connection reception
2026-02-22 00:21:47,925 | TRANSPORT_LAYER      | INFO     | Data received: b'', with length: 0, from the connection: 1
2026-02-22 00:21:48,436 | PROTECTION_LAYER     | ERROR    | FAIL: negotiate | ERROR: 'NoneType' object has no attribute 'get'
Traceback (most recent call last):
  File "/tmp/_MEIyA5t8x/shared/utils/debug.py", line 26, in wrapper
    result = func(*args, **kwargs)
             ^^^^^^^^^^^^^^^^^^^^^
  File "/tmp/_MEIyA5t8x/shared/communication_architecture/layers/protection/__init__.py", line 205, in negotiate
    print("[Nexus] Available modules:", available_modules.get("AVAILABLE_MODULES"))
                                        ^^^^^^^^^^^^^^^^^^^^^
AttributeError: 'NoneType' object has no attribute 'get'
