2026-03-05 00:52:51,000 | TRANSPORT_LAYER      | DEBUG    | EXEC: start | ARGS: (<shared.communication_architecture.layers.transport.TransportLayer object at 0x7b7d4faba7b0>,) | KWARGS: {}
2026-03-05 00:52:51,026 | TRANSPORT_LAYER      | INFO     | Transport layer initializated
2026-03-05 00:52:51,027 | TRANSPORT_LAYER      | DEBUG    | END: start | RESULT: True | TIME: 0.0266s
2026-03-05 00:52:51,027 | COMMUNICATION_LAYER  | DEBUG    | EXEC: start | ARGS: (<shared.communication_architecture.layers.communication.CommunicationLayer object at 0x7b7d4f95de50>,) | KWARGS: {}
2026-03-05 00:52:51,027 | COMMUNICATION_LAYER  | INFO     | Starting Communication layer
2026-03-05 00:52:51,046 | COMMUNICATION_LAYER  | DEBUG    | EXEC: query_modules | ARGS: (<shared.communication_architecture.layers.communication.CommunicationLayer object at 0x7b7d4f95de50>,) | KWARGS: {}
2026-03-05 00:52:51,046 | COMMUNICATION_LAYER  | DEBUG    | END: query_modules | RESULT: ['COMMUNICATION_CLIENT'] | TIME: 0.0003s
2026-03-05 00:52:51,047 | COMMUNICATION_LAYER  | INFO     | Modules discovered: ['COMMUNICATION_CLIENT']
2026-03-05 00:52:51,047 | COMMUNICATION_LAYER  | DEBUG    | EXEC: query_modules | ARGS: (<shared.communication_architecture.layers.communication.CommunicationLayer object at 0x7b7d4f95de50>,) | KWARGS: {}
2026-03-05 00:52:51,047 | COMMUNICATION_LAYER  | DEBUG    | END: query_modules | RESULT: ['COMMUNICATION_CLIENT'] | TIME: 0.0001s
2026-03-05 00:52:51,047 | COMMUNICATION_LAYER  | DEBUG    | EXEC: query_module | ARGS: (<shared.communication_architecture.layers.communication.CommunicationLayer object at 0x7b7d4f95de50>, 'COMMUNICATION_CLIENT') | KWARGS: {}
2026-03-05 00:52:51,047 | COMMUNICATION_LAYER  | DEBUG    | END: query_module | RESULT: <class 'shared.communication_architecture.layers.communication.modules.client.CommunicationClient'> | TIME: 0.0001s
2026-03-05 00:52:51,049 | COMMUNICATION_LAYER  | DEBUG    | EXEC: load_module | ARGS: (<shared.communication_architecture.layers.communication.CommunicationLayer object at 0x7b7d4f95de50>, 'COMMUNICATION_CLIENT', <configurations.classes.configurations.Configurations object at 0x7b7d4f987920>) | KWARGS: {}
2026-03-05 00:52:51,050 | COMMUNICATION_LAYER  | INFO     | Loading communication module: COMMUNICATION_CLIENT
2026-03-05 00:52:51,050 | COMMUNICATION_LAYER  | DEBUG    | EXEC: query_module | ARGS: (<shared.communication_architecture.layers.communication.CommunicationLayer object at 0x7b7d4f95de50>, 'COMMUNICATION_CLIENT') | KWARGS: {}
2026-03-05 00:52:51,050 | COMMUNICATION_LAYER  | DEBUG    | END: query_module | RESULT: <class 'shared.communication_architecture.layers.communication.modules.client.CommunicationClient'> | TIME: 0.0001s
2026-03-05 00:52:51,051 | COMMUNICATION_CLIENT | DEBUG    | EXEC: configure | ARGS: (<shared.communication_architecture.layers.communication.modules.client.CommunicationClient object at 0x7b7d4fcfbb60>, <configurations.classes.configurations.Configurations object at 0x7b7d4f987920>) | KWARGS: {}
2026-03-05 00:52:51,051 | COMMUNICATION_CLIENT | INFO     | Configurating module
2026-03-05 00:52:51,051 | COMMUNICATION_CLIENT | INFO     | Module configurated successfully
2026-03-05 00:52:51,052 | COMMUNICATION_CLIENT | DEBUG    | END: configure | RESULT: True | TIME: 0.0009s
2026-03-05 00:52:51,052 | COMMUNICATION_CLIENT | DEBUG    | EXEC: start | ARGS: (<shared.communication_architecture.layers.communication.modules.client.CommunicationClient object at 0x7b7d4fcfbb60>,) | KWARGS: {}
2026-03-05 00:52:51,052 | COMMUNICATION_CLIENT | INFO     | Starting module
2026-03-05 00:52:51,054 | COMMUNICATION_CLIENT | DEBUG    | EXEC: _connection_orchestrator | ARGS: (<shared.communication_architecture.layers.communication.modules.client.CommunicationClient object at 0x7b7d4fcfbb60>,) | KWARGS: {}
2026-03-05 00:52:51,055 | COMMUNICATION_CLIENT | INFO     | Starting connection orchestrator
2026-03-05 00:52:51,056 | COMMUNICATION_CLIENT | DEBUG    | EXEC: _maintain_sessions | ARGS: (<shared.communication_architecture.layers.communication.modules.client.CommunicationClient object at 0x7b7d4fcfbb60>,) | KWARGS: {}
2026-03-05 00:52:51,056 | COMMUNICATION_CLIENT | DEBUG    | END: _maintain_sessions | RESULT: None | TIME: 0.0002s
2026-03-05 00:52:51,057 | COMMUNICATION_CLIENT | DEBUG    | Configurations query result: {'SERVER_PROFILES': {'DESCRIPTION': 'It includes a list of ServerProfile instances, with information to search it to establish a connection', 'OPTIONAL': False, 'PRIVATE': False, 'SYMBOLIC_NAME': 'Server profiles', 'SYSTEM_NAME': 'SERVER_PROFILES', 'VALUE': {'DATA_CLASS': True, 'DATA_TYPE': 'list', 'DESCRIPTION': None, 'MAXIMUM_LENGTH': None, 'MINIMUM_LENGTH': 1, 'NAME': 'Server Collection', 'POSSIBLE_VALUES': [{'__type__': 'ComplexData', 'content': {'DATA_CLASS': True, 'DATA_TYPE': 'dict', 'DESCRIPTION': None, 'MAXIMUM_LENGTH': None, 'MINIMUM_LENGTH': None, 'NAME': 'INTERNET Profile', 'POSSIBLE_VALUES': {'ADDRESSES': {'__type__': 'ComplexData', 'content': {'DATA_CLASS': True, 'DATA_TYPE': 'list', 'DESCRIPTION': None, 'MAXIMUM_LENGTH': None, 'MINIMUM_LENGTH': 1, 'NAME': 'IP List', 'POSSIBLE_VALUES': [{'__type__': 'ComplexData', 'content': {'DATA_CLASS': True, 'DATA_TYPE': 'dict', 'DESCRIPTION': None, 'MAXIMUM_LENGTH': None, 'MINIMUM_LENGTH': None, 'NAME': 'IP Endpoint', 'POSSIBLE_VALUES': {'ADDRESS': [{'__type__': 'PrimitiveData', 'content': {'DATA_CLASS': True, 'DATA_TYPE': 'str', 'DESCRIPTION': 'IPv4 address', 'MAXIMUM_LENGTH': 15, 'MAXIMUM_SIZE': None, 'MINIMUM_LENGTH': 7, 'MINIMUM_SIZE': None, 'NAME': 'IPv4 address', 'POSSIBLE_VALUES': None, 'REGULAR_EXPRESSION': '^(?:(?:25[0-5]|2[0-4][0-9]|[01]?[0-9][0-9]?)\\.){3}(?:25[0-5]|2[0-4][0-9]|[01]?[0-9][0-9]?)$', 'VALUE': '127.0.0.1', '__type__': 'PrimitiveData'}}, {'__type__': 'PrimitiveData', 'content': {'DATA_CLASS': True, 'DATA_TYPE': 'str', 'DESCRIPTION': 'IPv6 address', 'MAXIMUM_LENGTH': 39, 'MAXIMUM_SIZE': None, 'MINIMUM_LENGTH': 2, 'MINIMUM_SIZE': None, 'NAME': 'IPv6 address', 'POSSIBLE_VALUES': None, 'REGULAR_EXPRESSION': '^(([0-9a-fA-F]{1,4}:){7,7}[0-9a-fA-F]{1,4}|([0-9a-fA-F]{1,4}:){1,7}:|([0-9a-fA-F]{1,4}:){1,6}:[0-9a-fA-F]{1,4}|([0-9a-fA-F]{1,4}:){1,5}(:[0-9a-fA-F]{1,4}){1,2}|([0-9a-fA-F]{1,4}:){1,4}(:[0-9a-fA-F]{1,4}){1,3}|([0-9a-fA-F]{1,4}:){1,3}(:[0-9a-fA-F]{1,4}){1,4}|([0-9a-fA-F]{1,4}:){1,2}(:[0-9a-fA-F]{1,4}){1,5}|[0-9a-fA-F]{1,4}:((:[0-9a-fA-F]{1,4}){1,6})|:((:[0-9a-fA-F]{1,4}){1,7}|:)|fe80:(:[0-9a-fA-F]{0,4}){0,4}%[0-9a-zA-Z]{1,}|::(ffff(:0{1,4}){0,1}:){0,1}((25[0-5]|(2[0-4]|1{0,1}[0-9]){0,1}[0-9])\\.){3,3}(25[0-5]|(2[0-4]|1{0,1}[0-9]){0,1}[0-9])|([0-9a-fA-F]{1,4}:){1,4}:((25[0-5]|(2[0-4]|1{0,1}[0-9]){0,1}[0-9])\\.){3,3}(25[0-5]|(2[0-4]|1{0,1}[0-9]){0,1}[0-9]))$', 'VALUE': None, '__type__': 'PrimitiveData'}}, {'__type__': 'PrimitiveData', 'content': {'DATA_CLASS': True, 'DATA_TYPE': 'str', 'DESCRIPTION': 'Domain name', 'MAXIMUM_LENGTH': None, 'MAXIMUM_SIZE': None, 'MINIMUM_LENGTH': None, 'MINIMUM_SIZE': None, 'NAME': 'Domain name', 'POSSIBLE_VALUES': None, 'REGULAR_EXPRESSION': '^(?:[a-zA-Z0-9](?:[a-zA-Z0-9-]{0,61}[a-zA-Z0-9])?\\.)+[a-zA-Z]{2,}$', 'VALUE': None, '__type__': 'PrimitiveData'}}], 'PORT': [{'__type__': 'PrimitiveData', 'content': {'DATA_CLASS': True, 'DATA_TYPE': 'int', 'DESCRIPTION': 'Internet port on the range from: 1, to: 65,535', 'MAXIMUM_LENGTH': None, 'MAXIMUM_SIZE': 65535, 'MINIMUM_LENGTH': None, 'MINIMUM_SIZE': 1, 'NAME': 'Internet port', 'POSSIBLE_VALUES': None, 'REGULAR_EXPRESSION': None, 'VALUE': 24450, '__type__': 'PrimitiveData'}}]}, 'VALUE': {'ADDRESS': '127.0.0.1', 'PORT': 24450}, '__type__': 'ComplexData'}}], 'VALUE': [{'ADDRESS': '127.0.0.1', 'PORT': 24450}], '__type__': 'ComplexData'}}, 'TRANSPORT': ['INTERNET']}, 'VALUE': {'ADDRESSES': [{'ADDRESS': '127.0.0.1', 'PORT': 24450}], 'TRANSPORT': 'INTERNET'}, '__type__': 'ComplexData'}}, {'__type__': 'ComplexData', 'content': {'DATA_CLASS': True, 'DATA_TYPE': 'dict', 'DESCRIPTION': None, 'MAXIMUM_LENGTH': None, 'MINIMUM_LENGTH': None, 'NAME': 'BLUETOOTH Profile', 'POSSIBLE_VALUES': {'ADDRESSES': {'__type__': 'ComplexData', 'content': {'DATA_CLASS': True, 'DATA_TYPE': 'list', 'DESCRIPTION': None, 'MAXIMUM_LENGTH': None, 'MINIMUM_LENGTH': 1, 'NAME': 'BT List', 'POSSIBLE_VALUES': [{'__type__': 'ComplexData', 'content': {'DATA_CLASS': True, 'DATA_TYPE': 'dict', 'DESCRIPTION': None, 'MAXIMUM_LENGTH': None, 'MINIMUM_LENGTH': None, 'NAME': 'BT Endpoint', 'POSSIBLE_VALUES': {'ADDRESS': [{'__type__': 'PrimitiveData', 'content': {'DATA_CLASS': True, 'DATA_TYPE': 'str', 'DESCRIPTION': 'MAC address', 'MAXIMUM_LENGTH': None, 'MAXIMUM_SIZE': 17, 'MINIMUM_LENGTH': None, 'MINIMUM_SIZE': 17, 'NAME': 'MAC address', 'POSSIBLE_VALUES': None, 'REGULAR_EXPRESSION': '^([0-9A-Fa-f]{2}[:-]){5}([0-9A-Fa-f]{2})$', 'VALUE': None, '__type__': 'PrimitiveData'}}], 'PORT': [{'__type__': 'PrimitiveData', 'content': {'DATA_CLASS': True, 'DATA_TYPE': 'int', 'DESCRIPTION': 'Internet port on the range from: 1, to: 65,535', 'MAXIMUM_LENGTH': None, 'MAXIMUM_SIZE': 65535, 'MINIMUM_LENGTH': None, 'MINIMUM_SIZE': 1, 'NAME': 'Internet port', 'POSSIBLE_VALUES': None, 'REGULAR_EXPRESSION': None, 'VALUE': None, '__type__': 'PrimitiveData'}}]}, 'VALUE': None, '__type__': 'ComplexData'}}], 'VALUE': None, '__type__': 'ComplexData'}}, 'TRANSPORT': ['BLUETOOTH']}, 'VALUE': None, '__type__': 'ComplexData'}}], 'VALUE': [{'ADDRESSES': [{'ADDRESS': '127.0.0.1', 'PORT': 24450}], 'TRANSPORT': 'INTERNET'}], '__type__': 'ComplexData'}}}
2026-03-05 00:52:51,057 | COMMUNICATION_CLIENT | DEBUG    | Configuration instance: <configurations.classes.configurations.Configurations object at 0x7b7d4faba0c0>
2026-03-05 00:52:51,058 | COMMUNICATION_CLIENT | DEBUG    | Current settings: ['SERVER_PROFILES']
2026-03-05 00:52:51,058 | COMMUNICATION_CLIENT | DEBUG    | Server profiles: <configurations.classes.setting.Setting object at 0x7b7d4f99ca70>
2026-03-05 00:52:51,058 | COMMUNICATION_CLIENT | DEBUG    | Server profile: {'ADDRESSES': [{'ADDRESS': '127.0.0.1', 'PORT': 24450}], 'TRANSPORT': 'INTERNET'}
2026-03-05 00:52:51,058 | COMMUNICATION_CLIENT | DEBUG    | Endpoint: {'ADDRESS': '127.0.0.1', 'PORT': 24450}
2026-03-05 00:52:51,058 | COMMUNICATION_CLIENT | DEBUG    | EXEC: _session_exists_for_endpoint | ARGS: (<shared.communication_architecture.layers.communication.modules.client.CommunicationClient object at 0x7b7d4fcfbb60>, '127.0.0.1', 24450) | KWARGS: {}
2026-03-05 00:52:51,063 | COMMUNICATION_CLIENT | INFO     | Module successfully started
2026-03-05 00:52:51,065 | COMMUNICATION_CLIENT | DEBUG    | END: start | RESULT: True | TIME: 0.0132s
2026-03-05 00:52:51,066 | COMMUNICATION_LAYER  | INFO     | Module COMMUNICATION_CLIENT loaded and started successfully
2026-03-05 00:52:51,063 | COMMUNICATION_CLIENT | DEBUG    | END: _session_exists_for_endpoint | RESULT: False | TIME: 0.0049s
2026-03-05 00:52:51,068 | COMMUNICATION_CLIENT | DEBUG    | Requesting connection with address: 127.0.0.1, and port: 24450
2026-03-05 00:52:51,068 | COMMUNICATION_CLIENT | DEBUG    | EXEC: _establish_transport_connection | ARGS: (<shared.communication_architecture.layers.communication.modules.client.CommunicationClient object at 0x7b7d4fcfbb60>, 'INTERNET', '127.0.0.1', 24450) | KWARGS: {}
2026-03-05 00:52:51,069 | COMMUNICATION_CLIENT | DEBUG    | Establishing a transport connection with transport type: INTERNET, to address: 127.0.0.1:24450
2026-03-05 00:52:51,069 | TRANSPORT_LAYER      | DEBUG    | EXEC: query_modules | ARGS: (<shared.communication_architecture.layers.transport.TransportLayer object at 0x7b7d4faba7b0>,) | KWARGS: {}
2026-03-05 00:52:51,069 | TRANSPORT_LAYER      | DEBUG    | END: query_modules | RESULT: ['TRANSPORT_TCP_IP'] | TIME: 0.0002s
2026-03-05 00:52:51,069 | COMMUNICATION_CLIENT | DEBUG    | Current available transport modules: ['TRANSPORT_TCP_IP']
2026-03-05 00:52:51,069 | TRANSPORT_LAYER      | DEBUG    | EXEC: query_module | ARGS: (<shared.communication_architecture.layers.transport.TransportLayer object at 0x7b7d4faba7b0>, 'TRANSPORT_TCP_IP') | KWARGS: {}
2026-03-05 00:52:51,069 | TRANSPORT_LAYER      | DEBUG    | END: query_module | RESULT: <class 'shared.communication_architecture.layers.transport.modules.tcpip.TransportModule'> | TIME: 0.0002s
2026-03-05 00:52:51,070 | COMMUNICATION_CLIENT | DEBUG    | Module class: <class 'shared.communication_architecture.layers.transport.modules.tcpip.TransportModule'>
2026-03-05 00:52:51,070 | COMMUNICATION_CLIENT | DEBUG    | Transport module: TRANSPORT_TCP_IP | Transport type: INTERNET
2026-03-05 00:52:51,070 | TRANSPORT_LAYER      | DEBUG    | EXEC: query_module | ARGS: (<shared.communication_architecture.layers.transport.TransportLayer object at 0x7b7d4faba7b0>, 'TRANSPORT_TCP_IP') | KWARGS: {}
2026-03-05 00:52:51,070 | TRANSPORT_LAYER      | DEBUG    | END: query_module | RESULT: <class 'shared.communication_architecture.layers.transport.modules.tcpip.TransportModule'> | TIME: 0.0002s
2026-03-05 00:52:51,072 | COMMUNICATION_LAYER  | DEBUG    | END: load_module | RESULT: True | TIME: 0.0229s
2026-03-05 00:52:51,072 | COMMUNICATION_LAYER  | INFO     | Module: COMMUNICATION_CLIENT, loaded successfully
2026-03-05 00:52:51,073 | COMMUNICATION_LAYER  | INFO     | Communication layer loaded successfully
2026-03-05 00:52:51,073 | COMMUNICATION_LAYER  | DEBUG    | END: start | RESULT: True | TIME: 0.0458s
2026-03-05 00:52:51,073 | CONTROL_LAYER        | DEBUG    | EXEC: start | ARGS: (<shared.communication_architecture.layers.control.ControlLayer object at 0x7b7d4fad5850>,) | KWARGS: {}
2026-03-05 00:52:51,073 | CONTROL_LAYER        | INFO     | Starting Control layer
2026-03-05 00:52:51,073 | CONTROL_LAYER        | INFO     | Loading control modules
2026-03-05 00:52:51,074 | CONTROL_LAYER        | DEBUG    | EXEC: load_modules | ARGS: (<shared.communication_architecture.layers.control.ControlLayer object at 0x7b7d4fad5850>,) | KWARGS: {}
2026-03-05 00:52:51,074 | CONTROL_LAYER        | INFO     | Loading available modules
2026-03-05 00:52:51,072 | TRANSPORT_LAYER      | DEBUG    | EXEC: connect | ARGS: (<shared.communication_architecture.layers.transport.TransportLayer object at 0x7b7d4faba7b0>, <class 'shared.communication_architecture.layers.transport.modules.tcpip.TransportModule'>, <configurations.classes.configurations.Configurations object at 0x7b7d4f986bd0>) | KWARGS: {}
2026-03-05 00:52:51,086 | TRANSPORT_LAYER      | INFO     | Transport layer connecting with module: <class 'shared.communication_architecture.layers.transport.modules.tcpip.TransportModule'>, with configurations: <configurations.classes.configurations.Configurations object at 0x7b7d4f986bd0>
2026-03-05 00:52:51,087 | TRANSPORT_TCP_IP     | DEBUG    | EXEC: configure | ARGS: (<shared.communication_architecture.layers.transport.modules.tcpip.TransportModule object at 0x7b7d4f9871d0>, <configurations.classes.configurations.Configurations object at 0x7b7d4f986bd0>) | KWARGS: {}
2026-03-05 00:52:51,091 | TRANSPORT_TCP_IP     | INFO     | Module configurated
2026-03-05 00:52:51,092 | TRANSPORT_TCP_IP     | DEBUG    | END: configure | RESULT: True | TIME: 0.0050s
2026-03-05 00:52:51,089 | CONTROL_LAYER        | DEBUG    | EXEC: query_modules | ARGS: (<shared.communication_architecture.layers.control.ControlLayer object at 0x7b7d4fad5850>,) | KWARGS: {}
2026-03-05 00:52:51,094 | TRANSPORT_TCP_IP     | DEBUG    | EXEC: start | ARGS: (<shared.communication_architecture.layers.transport.modules.tcpip.TransportModule object at 0x7b7d4f9871d0>,) | KWARGS: {}
2026-03-05 00:52:51,096 | TRANSPORT_TCP_IP     | INFO     | Module initializated
2026-03-05 00:52:51,096 | CONTROL_LAYER        | DEBUG    | END: query_modules | RESULT: ['SYSTEM_SHELL_PASSIVE'] | TIME: 0.0062s
2026-03-05 00:52:51,097 | TRANSPORT_TCP_IP     | DEBUG    | END: start | RESULT: True | TIME: 0.0035s
2026-03-05 00:52:51,098 | CONTROL_LAYER        | DEBUG    | EXEC: query_modules | ARGS: (<shared.communication_architecture.layers.control.ControlLayer object at 0x7b7d4fad5850>,) | KWARGS: {}
2026-03-05 00:52:51,098 | TRANSPORT_TCP_IP     | DEBUG    | EXEC: connect | ARGS: (<shared.communication_architecture.layers.transport.modules.tcpip.TransportModule object at 0x7b7d4f9871d0>,) | KWARGS: {}
2026-03-05 00:52:51,098 | CONTROL_LAYER        | DEBUG    | END: query_modules | RESULT: ['SYSTEM_SHELL_PASSIVE'] | TIME: 0.0009s
2026-03-05 00:52:51,101 | CONTROL_LAYER        | INFO     | Instanciating module: SYSTEM_SHELL_PASSIVE
2026-03-05 00:52:51,101 | TRANSPORT_TCP_IP     | INFO     | Connecting module
2026-03-05 00:52:51,103 | CONTROL_LAYER        | DEBUG    | EXEC: query_module | ARGS: (<shared.communication_architecture.layers.control.ControlLayer object at 0x7b7d4fad5850>, 'SYSTEM_SHELL_PASSIVE') | KWARGS: {}
2026-03-05 00:52:51,106 | CONTROL_LAYER        | DEBUG    | END: query_module | RESULT: <class 'shared.communication_architecture.layers.control.modules.shell_passive.ShellPassive'> | TIME: 0.0033s
2026-03-05 00:52:51,107 | TRANSPORT_TCP_IP     | INFO     | Connecting with IP: 2, with TCP
2026-03-05 00:52:51,109 | CONTROL_LAYER        | DEBUG    | EXEC: load_module | ARGS: (<shared.communication_architecture.layers.control.ControlLayer object at 0x7b7d4fad5850>, 'SYSTEM_SHELL_PASSIVE', <configurations.classes.configurations.Configurations object at 0x7b7d4f99d2e0>) | KWARGS: {}
2026-03-05 00:52:51,110 | CONTROL_LAYER        | INFO     | Loading communication module: SYSTEM_SHELL_PASSIVE
2026-03-05 00:52:51,109 | TRANSPORT_TCP_IP     | ERROR    | Error on the connection: [Errno 111] Connection refused
2026-03-05 00:52:51,110 | CONTROL_LAYER        | DEBUG    | EXEC: query_module | ARGS: (<shared.communication_architecture.layers.control.ControlLayer object at 0x7b7d4fad5850>, 'SYSTEM_SHELL_PASSIVE') | KWARGS: {}
2026-03-05 00:52:51,111 | CONTROL_LAYER        | DEBUG    | END: query_module | RESULT: <class 'shared.communication_architecture.layers.control.modules.shell_passive.ShellPassive'> | TIME: 0.0005s
2026-03-05 00:52:51,114 | SYSTEM_SHELL_PASSIVE | DEBUG    | EXEC: configure | ARGS: (<shared.communication_architecture.layers.control.modules.shell_passive.ShellPassive object at 0x7b7d4f9025d0>, <configurations.classes.configurations.Configurations object at 0x7b7d4f99d2e0>) | KWARGS: {}
2026-03-05 00:52:51,114 | CONTROL_SYSTEM_SHELL_PASSIVE | INFO     | Module configured successfully.
2026-03-05 00:52:51,114 | SYSTEM_SHELL_PASSIVE | DEBUG    | END: configure | RESULT: True | TIME: 0.0006s
2026-03-05 00:52:51,116 | SYSTEM_SHELL_PASSIVE | DEBUG    | EXEC: start | ARGS: (<shared.communication_architecture.layers.control.modules.shell_passive.ShellPassive object at 0x7b7d4f9025d0>,) | KWARGS: {}
2026-03-05 00:52:51,116 | CONTROL_SYSTEM_SHELL_PASSIVE | INFO     | Starting SHELL_PASSIVE module...
2026-03-05 00:52:51,117 | SYSTEM_SHELL_PASSIVE | DEBUG    | EXEC: _listener_loop | ARGS: (<shared.communication_architecture.layers.control.modules.shell_passive.ShellPassive object at 0x7b7d4f9025d0>,) | KWARGS: {}
2026-03-05 00:52:51,118 | CONTROL_SYSTEM_SHELL_PASSIVE | INFO     | Passive Shell listener started.
2026-03-05 00:52:51,120 | CONTROL_SYSTEM_SHELL_PASSIVE | INFO     | Module started successfully.
2026-03-05 00:52:51,121 | TRANSPORT_TCP_IP     | DEBUG    | END: connect | RESULT: False | TIME: 0.0227s
2026-03-05 00:52:51,121 | TRANSPORT_LAYER      | INFO     | Connection result: False
2026-03-05 00:52:51,122 | TRANSPORT_LAYER      | ERROR    | Connection result: ERROR
2026-03-05 00:52:51,122 | TRANSPORT_LAYER      | DEBUG    | END: connect | RESULT: False | TIME: 0.0502s
2026-03-05 00:52:51,122 | COMMUNICATION_CLIENT | DEBUG    | END: _establish_transport_connection | RESULT: False | TIME: 0.0539s
2026-03-05 00:52:51,122 | COMMUNICATION_CLIENT | DEBUG    | Connection result: False
2026-03-05 00:52:51,124 | SYSTEM_SHELL_PASSIVE | DEBUG    | END: start | RESULT: True | TIME: 0.0080s
2026-03-05 00:52:51,126 | CONTROL_LAYER        | INFO     | Module SYSTEM_SHELL_PASSIVE loaded and started successfully
2026-03-05 00:52:51,127 | CONTROL_LAYER        | DEBUG    | END: load_module | RESULT: True | TIME: 0.0176s
2026-03-05 00:52:51,127 | CONTROL_LAYER        | INFO     | Module: SYSTEM_SHELL_PASSIVE, loaded successfully
2026-03-05 00:52:51,127 | CONTROL_LAYER        | INFO     | Modules loaded successfully
2026-03-05 00:52:51,127 | CONTROL_LAYER        | DEBUG    | END: load_modules | RESULT: True | TIME: 0.0535s
2026-03-05 00:52:51,127 | CONTROL_LAYER        | INFO     | Control modules loaded
2026-03-05 00:52:51,128 | CONTROL_LAYER        | INFO     | Control layer initializated successfully
2026-03-05 00:52:51,128 | CONTROL_LAYER        | DEBUG    | END: start | RESULT: True | TIME: 0.0546s
2026-03-05 00:52:51,129 | TRANSPORT_LAYER      | DEBUG    | EXEC: query_module | ARGS: (<shared.communication_architecture.layers.transport.TransportLayer object at 0x7b7d4faba7b0>, 'TRANSPORT_TCP_IP') | KWARGS: {}
2026-03-05 00:52:51,129 | TRANSPORT_LAYER      | DEBUG    | END: query_module | RESULT: <class 'shared.communication_architecture.layers.transport.modules.tcpip.TransportModule'> | TIME: 0.0005s
