2026-02-22 00:39:49,458 | TRANSPORT_LAYER      | INFO     | Transport layer initializated
2026-02-22 00:39:54,460 | TRANSPORT_LAYER      | INFO     | Transport layer receiving connection with module: <class 'shared.communication_architecture.layers.transport.modules.tcpip.TransportModule'>, with configurations: <configurations.classes.configurations.Configurations object at 0x7896497847a0>
2026-02-22 00:39:54,461 | TRANSPORT_TCP_IP     | INFO     | Module configurated
2026-02-22 00:39:54,462 | TRANSPORT_TCP_IP     | INFO     | Module initializated
2026-02-22 00:39:54,462 | TRANSPORT_TCP_IP     | INFO     | Receiving connection with the module
2026-02-22 00:39:54,466 | TRANSPORT_TCP_IP     | INFO     | Starting receiver connections routine
2026-02-22 00:39:54,468 | TRANSPORT_LAYER      | INFO     | Connection (receive) registered with the identifier: 1
2026-02-22 00:39:54,469 | TRANSPORT_TCP_IP     | INFO     | Receiving connections of type: 2, with TCP
2026-02-22 00:39:54,469 | TRANSPORT_TCP_IP     | INFO     | Successfully binded the server
2026-02-22 00:39:54,470 | TRANSPORT_TCP_IP     | INFO     | Starting receive connections process
2026-02-22 00:39:54,485 | PROTECTION_LAYER     | INFO     | Protection layer initializated
2026-02-22 00:39:54,488 | PROTECTION_LAYER     | INFO     | Starting negotation with role: ACTIVE, with the connection: 1
2026-02-22 00:39:54,587 | TRANSPORT_LAYER      | INFO     | Data received: b'', with length: 0, from the connection: 1
2026-02-22 00:39:54,699 | TRANSPORT_LAYER      | INFO     | Data received: b'', with length: 0, from the connection: 1
2026-02-22 00:39:54,810 | TRANSPORT_LAYER      | INFO     | Data received: b'', with length: 0, from the connection: 1
2026-02-22 00:39:54,921 | TRANSPORT_LAYER      | INFO     | Data received: b'', with length: 0, from the connection: 1
2026-02-22 00:39:55,032 | TRANSPORT_LAYER      | INFO     | Data received: b'', with length: 0, from the connection: 1
2026-02-22 00:39:55,146 | TRANSPORT_LAYER      | INFO     | Data received: b'', with length: 0, from the connection: 1
2026-02-22 00:39:55,257 | TRANSPORT_LAYER      | INFO     | Data received: b'', with length: 0, from the connection: 1
2026-02-22 00:39:55,368 | TRANSPORT_LAYER      | INFO     | Data received: b'', with length: 0, from the connection: 1
2026-02-22 00:39:55,470 | TRANSPORT_TCP_IP     | ERROR    | Expired timeout on the connection reception
2026-02-22 00:39:55,480 | TRANSPORT_LAYER      | INFO     | Data received: b'', with length: 0, from the connection: 1
2026-02-22 00:39:55,591 | TRANSPORT_LAYER      | INFO     | Data received: b'', with length: 0, from the connection: 1
2026-02-22 00:39:55,702 | TRANSPORT_LAYER      | INFO     | Data received: b'', with length: 0, from the connection: 1
2026-02-22 00:39:55,813 | TRANSPORT_LAYER      | INFO     | Data received: b'', with length: 0, from the connection: 1
2026-02-22 00:39:55,924 | TRANSPORT_LAYER      | INFO     | Data received: b'', with length: 0, from the connection: 1
2026-02-22 00:39:56,036 | TRANSPORT_LAYER      | INFO     | Data received: b'', with length: 0, from the connection: 1
2026-02-22 00:39:56,147 | TRANSPORT_LAYER      | INFO     | Data received: b'', with length: 0, from the connection: 1
2026-02-22 00:39:56,259 | TRANSPORT_LAYER      | INFO     | Data received: b'', with length: 0, from the connection: 1
2026-02-22 00:39:56,370 | TRANSPORT_LAYER      | INFO     | Data received: b'', with length: 0, from the connection: 1
2026-02-22 00:39:56,472 | TRANSPORT_TCP_IP     | ERROR    | Expired timeout on the connection reception
2026-02-22 00:39:56,481 | TRANSPORT_LAYER      | INFO     | Data received: b'', with length: 0, from the connection: 1
2026-02-22 00:39:56,593 | TRANSPORT_LAYER      | INFO     | Data received: b'', with length: 0, from the connection: 1
2026-02-22 00:39:56,704 | TRANSPORT_LAYER      | INFO     | Data received: b'', with length: 0, from the connection: 1
2026-02-22 00:39:56,815 | TRANSPORT_LAYER      | INFO     | Data received: b'', with length: 0, from the connection: 1
2026-02-22 00:39:56,926 | TRANSPORT_LAYER      | INFO     | Data received: b'', with length: 0, from the connection: 1
2026-02-22 00:39:57,001 | TRANSPORT_TCP_IP     | INFO     | Connection received from the remote address: ('127.0.0.1', 51066)
2026-02-22 00:39:57,001 | TRANSPORT_TCP_IP     | INFO     | Establishing the new connection (socket) on the module
2026-02-22 00:39:57,002 | TRANSPORT_TCP_IP     | INFO     | Starting data receiver routine
2026-02-22 00:39:57,037 | TRANSPORT_LAYER      | INFO     | Data received: b'', with length: 0, from the connection: 1
2026-02-22 00:39:57,148 | TRANSPORT_LAYER      | INFO     | Data received: b'', with length: 0, from the connection: 1
2026-02-22 00:39:57,259 | TRANSPORT_LAYER      | INFO     | Data received: b'', with length: 0, from the connection: 1
2026-02-22 00:39:57,370 | TRANSPORT_LAYER      | INFO     | Data received: b'', with length: 0, from the connection: 1
2026-02-22 00:39:57,483 | TRANSPORT_LAYER      | INFO     | Data received: b'', with length: 0, from the connection: 1
2026-02-22 00:39:57,594 | TRANSPORT_LAYER      | INFO     | Data received: b'', with length: 0, from the connection: 1
2026-02-22 00:39:57,705 | TRANSPORT_LAYER      | INFO     | Data received: b'', with length: 0, from the connection: 1
2026-02-22 00:39:57,817 | TRANSPORT_LAYER      | INFO     | Data received: b'', with length: 0, from the connection: 1
2026-02-22 00:39:57,928 | TRANSPORT_LAYER      | INFO     | Data received: b'', with length: 0, from the connection: 1
2026-02-22 00:39:58,003 | TRANSPORT_TCP_IP     | ERROR    | Expired timeout on the connection reception
2026-02-22 00:39:58,039 | TRANSPORT_LAYER      | INFO     | Data received: b'', with length: 0, from the connection: 1
2026-02-22 00:39:58,150 | TRANSPORT_LAYER      | INFO     | Data received: b'', with length: 0, from the connection: 1
2026-02-22 00:39:58,261 | TRANSPORT_LAYER      | INFO     | Data received: b'', with length: 0, from the connection: 1
2026-02-22 00:39:58,372 | TRANSPORT_LAYER      | INFO     | Data received: b'', with length: 0, from the connection: 1
2026-02-22 00:39:58,483 | TRANSPORT_LAYER      | INFO     | Data received: b'', with length: 0, from the connection: 1
2026-02-22 00:39:58,594 | TRANSPORT_LAYER      | INFO     | Data received: b'', with length: 0, from the connection: 1
2026-02-22 00:39:58,705 | TRANSPORT_LAYER      | INFO     | Data received: b'', with length: 0, from the connection: 1
2026-02-22 00:39:58,816 | TRANSPORT_LAYER      | INFO     | Data received: b'', with length: 0, from the connection: 1
2026-02-22 00:39:58,927 | TRANSPORT_LAYER      | INFO     | Data received: b'', with length: 0, from the connection: 1
2026-02-22 00:39:59,004 | TRANSPORT_TCP_IP     | ERROR    | Expired timeout on the connection reception
2026-02-22 00:39:59,039 | TRANSPORT_LAYER      | INFO     | Data received: b'', with length: 0, from the connection: 1
2026-02-22 00:39:59,150 | TRANSPORT_LAYER      | INFO     | Data received: b'', with length: 0, from the connection: 1
2026-02-22 00:39:59,261 | TRANSPORT_LAYER      | INFO     | Data received: b'', with length: 0, from the connection: 1
2026-02-22 00:39:59,373 | TRANSPORT_LAYER      | INFO     | Data received: b'', with length: 0, from the connection: 1
2026-02-22 00:39:59,484 | TRANSPORT_LAYER      | INFO     | Data received: b'', with length: 0, from the connection: 1
2026-02-22 00:39:59,595 | TRANSPORT_LAYER      | INFO     | Data received: b'', with length: 0, from the connection: 1
2026-02-22 00:39:59,706 | TRANSPORT_LAYER      | INFO     | Data received: b'', with length: 0, from the connection: 1
2026-02-22 00:39:59,817 | TRANSPORT_LAYER      | INFO     | Data received: b'', with length: 0, from the connection: 1
2026-02-22 00:39:59,928 | TRANSPORT_LAYER      | INFO     | Data received: b'', with length: 0, from the connection: 1
2026-02-22 00:40:00,006 | TRANSPORT_TCP_IP     | ERROR    | Expired timeout on the connection reception
2026-02-22 00:40:00,039 | TRANSPORT_LAYER      | INFO     | Data received: b'', with length: 0, from the connection: 1
2026-02-22 00:40:00,150 | TRANSPORT_LAYER      | INFO     | Data received: b'', with length: 0, from the connection: 1
2026-02-22 00:40:00,261 | TRANSPORT_LAYER      | INFO     | Data received: b'', with length: 0, from the connection: 1
2026-02-22 00:40:00,372 | TRANSPORT_LAYER      | INFO     | Data received: b'', with length: 0, from the connection: 1
2026-02-22 00:40:00,482 | TRANSPORT_LAYER      | INFO     | Data received: b'', with length: 0, from the connection: 1
2026-02-22 00:40:00,594 | TRANSPORT_LAYER      | INFO     | Data received: b'', with length: 0, from the connection: 1
2026-02-22 00:40:00,705 | TRANSPORT_LAYER      | INFO     | Data received: b'', with length: 0, from the connection: 1
2026-02-22 00:40:00,816 | TRANSPORT_LAYER      | INFO     | Data received: b'', with length: 0, from the connection: 1
2026-02-22 00:40:00,928 | TRANSPORT_LAYER      | INFO     | Data received: b'', with length: 0, from the connection: 1
2026-02-22 00:40:01,007 | TRANSPORT_TCP_IP     | ERROR    | Expired timeout on the connection reception
2026-02-22 00:40:01,039 | TRANSPORT_LAYER      | INFO     | Data received: b'', with length: 0, from the connection: 1
2026-02-22 00:40:01,150 | TRANSPORT_LAYER      | INFO     | Data received: b'', with length: 0, from the connection: 1
2026-02-22 00:40:01,262 | TRANSPORT_LAYER      | INFO     | Data received: b'', with length: 0, from the connection: 1
2026-02-22 00:40:01,373 | TRANSPORT_LAYER      | INFO     | Data received: b'', with length: 0, from the connection: 1
2026-02-22 00:40:01,484 | TRANSPORT_LAYER      | INFO     | Data received: b'', with length: 0, from the connection: 1
2026-02-22 00:40:01,596 | TRANSPORT_LAYER      | INFO     | Data received: b'', with length: 0, from the connection: 1
2026-02-22 00:40:01,707 | TRANSPORT_LAYER      | INFO     | Data received: b'', with length: 0, from the connection: 1
2026-02-22 00:40:01,820 | TRANSPORT_LAYER      | INFO     | Data received: b'', with length: 0, from the connection: 1
2026-02-22 00:40:01,931 | TRANSPORT_LAYER      | INFO     | Data received: b'', with length: 0, from the connection: 1
2026-02-22 00:40:02,008 | TRANSPORT_TCP_IP     | ERROR    | Expired timeout on the connection reception
2026-02-22 00:40:02,046 | TRANSPORT_LAYER      | INFO     | Data received: b'', with length: 0, from the connection: 1
2026-02-22 00:40:02,157 | TRANSPORT_LAYER      | INFO     | Data received: b'', with length: 0, from the connection: 1
2026-02-22 00:40:02,269 | TRANSPORT_LAYER      | INFO     | Data received: b'', with length: 0, from the connection: 1
2026-02-22 00:40:02,380 | TRANSPORT_LAYER      | INFO     | Data received: b'', with length: 0, from the connection: 1
2026-02-22 00:40:02,491 | TRANSPORT_LAYER      | INFO     | Data received: b'', with length: 0, from the connection: 1
2026-02-22 00:40:02,602 | TRANSPORT_LAYER      | INFO     | Data received: b'', with length: 0, from the connection: 1
2026-02-22 00:40:02,713 | TRANSPORT_LAYER      | INFO     | Data received: b'', with length: 0, from the connection: 1
2026-02-22 00:40:02,824 | TRANSPORT_LAYER      | INFO     | Data received: b'', with length: 0, from the connection: 1
2026-02-22 00:40:02,935 | TRANSPORT_LAYER      | INFO     | Data received: b'', with length: 0, from the connection: 1
2026-02-22 00:40:03,009 | TRANSPORT_TCP_IP     | ERROR    | Expired timeout on the connection reception
2026-02-22 00:40:03,046 | TRANSPORT_LAYER      | INFO     | Data received: b'', with length: 0, from the connection: 1
2026-02-22 00:40:03,157 | TRANSPORT_LAYER      | INFO     | Data received: b'', with length: 0, from the connection: 1
2026-02-22 00:40:03,268 | TRANSPORT_LAYER      | INFO     | Data received: b'', with length: 0, from the connection: 1
2026-02-22 00:40:03,380 | TRANSPORT_LAYER      | INFO     | Data received: b'', with length: 0, from the connection: 1
2026-02-22 00:40:03,491 | TRANSPORT_LAYER      | INFO     | Data received: b'', with length: 0, from the connection: 1
2026-02-22 00:40:03,602 | TRANSPORT_LAYER      | INFO     | Data received: b'', with length: 0, from the connection: 1
2026-02-22 00:40:03,713 | TRANSPORT_LAYER      | INFO     | Data received: b'', with length: 0, from the connection: 1
2026-02-22 00:40:03,824 | TRANSPORT_LAYER      | INFO     | Data received: b'', with length: 0, from the connection: 1
2026-02-22 00:40:03,935 | TRANSPORT_LAYER      | INFO     | Data received: b'', with length: 0, from the connection: 1
2026-02-22 00:40:04,010 | TRANSPORT_TCP_IP     | ERROR    | Expired timeout on the connection reception
2026-02-22 00:40:04,046 | TRANSPORT_LAYER      | INFO     | Data received: b'', with length: 0, from the connection: 1
2026-02-22 00:40:04,157 | TRANSPORT_LAYER      | INFO     | Data received: b'', with length: 0, from the connection: 1
2026-02-22 00:40:04,268 | TRANSPORT_LAYER      | INFO     | Data received: b'', with length: 0, from the connection: 1
2026-02-22 00:40:04,379 | TRANSPORT_LAYER      | INFO     | Data received: b'', with length: 0, from the connection: 1
2026-02-22 00:40:04,490 | TRANSPORT_LAYER      | INFO     | Data received: b'', with length: 0, from the connection: 1
2026-02-22 00:40:05,001 | PROTECTION_LAYER     | ERROR    | FAIL: negotiate | ERROR: 'NoneType' object has no attribute 'get'
Traceback (most recent call last):
  File "/tmp/_MEIhPK2u6/shared/utils/debug.py", line 26, in wrapper
    result = func(*args, **kwargs)
             ^^^^^^^^^^^^^^^^^^^^^
  File "/tmp/_MEIhPK2u6/shared/communication_architecture/layers/protection/__init__.py", line 205, in negotiate
    print("[Nexus] Available modules:", available_modules.get("AVAILABLE_MODULES"))
                                        ^^^^^^^^^^^^^^^^^^^^^
AttributeError: 'NoneType' object has no attribute 'get'
