2026-03-05 00:52:54,141 | TRANSPORT_LAYER      | DEBUG    | EXEC: start | ARGS: (<shared.communication_architecture.layers.transport.TransportLayer object at 0x7ef18340d1f0>,) | KWARGS: {}
2026-03-05 00:52:54,168 | TRANSPORT_LAYER      | INFO     | Transport layer initializated
2026-03-05 00:52:54,168 | TRANSPORT_LAYER      | DEBUG    | END: start | RESULT: True | TIME: 0.0277s
2026-03-05 00:52:54,168 | COMMUNICATION_LAYER  | DEBUG    | EXEC: start | ARGS: (<shared.communication_architecture.layers.communication.CommunicationLayer object at 0x7ef18326dbe0>,) | KWARGS: {}
2026-03-05 00:52:54,169 | COMMUNICATION_LAYER  | INFO     | Starting Communication layer
2026-03-05 00:52:54,187 | COMMUNICATION_LAYER  | DEBUG    | EXEC: query_modules | ARGS: (<shared.communication_architecture.layers.communication.CommunicationLayer object at 0x7ef18326dbe0>,) | KWARGS: {}
2026-03-05 00:52:54,187 | COMMUNICATION_LAYER  | DEBUG    | END: query_modules | RESULT: ['COMMUNICATION_CLIENT'] | TIME: 0.0005s
2026-03-05 00:52:54,187 | COMMUNICATION_LAYER  | INFO     | Modules discovered: ['COMMUNICATION_CLIENT']
2026-03-05 00:52:54,188 | COMMUNICATION_LAYER  | DEBUG    | EXEC: query_modules | ARGS: (<shared.communication_architecture.layers.communication.CommunicationLayer object at 0x7ef18326dbe0>,) | KWARGS: {}
2026-03-05 00:52:54,188 | COMMUNICATION_LAYER  | DEBUG    | END: query_modules | RESULT: ['COMMUNICATION_CLIENT'] | TIME: 0.0002s
2026-03-05 00:52:54,188 | COMMUNICATION_LAYER  | DEBUG    | EXEC: query_module | ARGS: (<shared.communication_architecture.layers.communication.CommunicationLayer object at 0x7ef18326dbe0>, 'COMMUNICATION_CLIENT') | KWARGS: {}
2026-03-05 00:52:54,188 | COMMUNICATION_LAYER  | DEBUG    | END: query_module | RESULT: <class 'shared.communication_architecture.layers.communication.modules.client.CommunicationClient'> | TIME: 0.0001s
2026-03-05 00:52:54,190 | COMMUNICATION_LAYER  | DEBUG    | EXEC: load_module | ARGS: (<shared.communication_architecture.layers.communication.CommunicationLayer object at 0x7ef18326dbe0>, 'COMMUNICATION_CLIENT', <configurations.classes.configurations.Configurations object at 0x7ef1832875f0>) | KWARGS: {}
2026-03-05 00:52:54,191 | COMMUNICATION_LAYER  | INFO     | Loading communication module: COMMUNICATION_CLIENT
2026-03-05 00:52:54,191 | COMMUNICATION_LAYER  | DEBUG    | EXEC: query_module | ARGS: (<shared.communication_architecture.layers.communication.CommunicationLayer object at 0x7ef18326dbe0>, 'COMMUNICATION_CLIENT') | KWARGS: {}
2026-03-05 00:52:54,191 | COMMUNICATION_LAYER  | DEBUG    | END: query_module | RESULT: <class 'shared.communication_architecture.layers.communication.modules.client.CommunicationClient'> | TIME: 0.0001s
2026-03-05 00:52:54,192 | COMMUNICATION_CLIENT | DEBUG    | EXEC: configure | ARGS: (<shared.communication_architecture.layers.communication.modules.client.CommunicationClient object at 0x7ef183512270>, <configurations.classes.configurations.Configurations object at 0x7ef1832875f0>) | KWARGS: {}
2026-03-05 00:52:54,192 | COMMUNICATION_CLIENT | INFO     | Configurating module
2026-03-05 00:52:54,192 | COMMUNICATION_CLIENT | INFO     | Module configurated successfully
2026-03-05 00:52:54,192 | COMMUNICATION_CLIENT | DEBUG    | END: configure | RESULT: True | TIME: 0.0005s
2026-03-05 00:52:54,192 | COMMUNICATION_CLIENT | DEBUG    | EXEC: start | ARGS: (<shared.communication_architecture.layers.communication.modules.client.CommunicationClient object at 0x7ef183512270>,) | KWARGS: {}
2026-03-05 00:52:54,192 | COMMUNICATION_CLIENT | INFO     | Starting module
2026-03-05 00:52:54,193 | COMMUNICATION_CLIENT | DEBUG    | EXEC: _connection_orchestrator | ARGS: (<shared.communication_architecture.layers.communication.modules.client.CommunicationClient object at 0x7ef183512270>,) | KWARGS: {}
2026-03-05 00:52:54,194 | COMMUNICATION_CLIENT | INFO     | Starting connection orchestrator
2026-03-05 00:52:54,194 | COMMUNICATION_CLIENT | DEBUG    | EXEC: _maintain_sessions | ARGS: (<shared.communication_architecture.layers.communication.modules.client.CommunicationClient object at 0x7ef183512270>,) | KWARGS: {}
2026-03-05 00:52:54,194 | COMMUNICATION_CLIENT | DEBUG    | END: _maintain_sessions | RESULT: None | TIME: 0.0002s
2026-03-05 00:52:54,195 | COMMUNICATION_CLIENT | DEBUG    | Configurations query result: {'SERVER_PROFILES': {'DESCRIPTION': 'It includes a list of ServerProfile instances, with information to search it to establish a connection', 'OPTIONAL': False, 'PRIVATE': False, 'SYMBOLIC_NAME': 'Server profiles', 'SYSTEM_NAME': 'SERVER_PROFILES', 'VALUE': {'DATA_CLASS': True, 'DATA_TYPE': 'list', 'DESCRIPTION': None, 'MAXIMUM_LENGTH': None, 'MINIMUM_LENGTH': 1, 'NAME': 'Server Collection', 'POSSIBLE_VALUES': [{'__type__': 'ComplexData', 'content': {'DATA_CLASS': True, 'DATA_TYPE': 'dict', 'DESCRIPTION': None, 'MAXIMUM_LENGTH': None, 'MINIMUM_LENGTH': None, 'NAME': 'INTERNET Profile', 'POSSIBLE_VALUES': {'ADDRESSES': {'__type__': 'ComplexData', 'content': {'DATA_CLASS': True, 'DATA_TYPE': 'list', 'DESCRIPTION': None, 'MAXIMUM_LENGTH': None, 'MINIMUM_LENGTH': 1, 'NAME': 'IP List', 'POSSIBLE_VALUES': [{'__type__': 'ComplexData', 'content': {'DATA_CLASS': True, 'DATA_TYPE': 'dict', 'DESCRIPTION': None, 'MAXIMUM_LENGTH': None, 'MINIMUM_LENGTH': None, 'NAME': 'IP Endpoint', 'POSSIBLE_VALUES': {'ADDRESS': [{'__type__': 'PrimitiveData', 'content': {'DATA_CLASS': True, 'DATA_TYPE': 'str', 'DESCRIPTION': 'IPv4 address', 'MAXIMUM_LENGTH': 15, 'MAXIMUM_SIZE': None, 'MINIMUM_LENGTH': 7, 'MINIMUM_SIZE': None, 'NAME': 'IPv4 address', 'POSSIBLE_VALUES': None, 'REGULAR_EXPRESSION': '^(?:(?:25[0-5]|2[0-4][0-9]|[01]?[0-9][0-9]?)\\.){3}(?:25[0-5]|2[0-4][0-9]|[01]?[0-9][0-9]?)$', 'VALUE': '127.0.0.1', '__type__': 'PrimitiveData'}}, {'__type__': 'PrimitiveData', 'content': {'DATA_CLASS': True, 'DATA_TYPE': 'str', 'DESCRIPTION': 'IPv6 address', 'MAXIMUM_LENGTH': 39, 'MAXIMUM_SIZE': None, 'MINIMUM_LENGTH': 2, 'MINIMUM_SIZE': None, 'NAME': 'IPv6 address', 'POSSIBLE_VALUES': None, 'REGULAR_EXPRESSION': '^(([0-9a-fA-F]{1,4}:){7,7}[0-9a-fA-F]{1,4}|([0-9a-fA-F]{1,4}:){1,7}:|([0-9a-fA-F]{1,4}:){1,6}:[0-9a-fA-F]{1,4}|([0-9a-fA-F]{1,4}:){1,5}(:[0-9a-fA-F]{1,4}){1,2}|([0-9a-fA-F]{1,4}:){1,4}(:[0-9a-fA-F]{1,4}){1,3}|([0-9a-fA-F]{1,4}:){1,3}(:[0-9a-fA-F]{1,4}){1,4}|([0-9a-fA-F]{1,4}:){1,2}(:[0-9a-fA-F]{1,4}){1,5}|[0-9a-fA-F]{1,4}:((:[0-9a-fA-F]{1,4}){1,6})|:((:[0-9a-fA-F]{1,4}){1,7}|:)|fe80:(:[0-9a-fA-F]{0,4}){0,4}%[0-9a-zA-Z]{1,}|::(ffff(:0{1,4}){0,1}:){0,1}((25[0-5]|(2[0-4]|1{0,1}[0-9]){0,1}[0-9])\\.){3,3}(25[0-5]|(2[0-4]|1{0,1}[0-9]){0,1}[0-9])|([0-9a-fA-F]{1,4}:){1,4}:((25[0-5]|(2[0-4]|1{0,1}[0-9]){0,1}[0-9])\\.){3,3}(25[0-5]|(2[0-4]|1{0,1}[0-9]){0,1}[0-9]))$', 'VALUE': None, '__type__': 'PrimitiveData'}}, {'__type__': 'PrimitiveData', 'content': {'DATA_CLASS': True, 'DATA_TYPE': 'str', 'DESCRIPTION': 'Domain name', 'MAXIMUM_LENGTH': None, 'MAXIMUM_SIZE': None, 'MINIMUM_LENGTH': None, 'MINIMUM_SIZE': None, 'NAME': 'Domain name', 'POSSIBLE_VALUES': None, 'REGULAR_EXPRESSION': '^(?:[a-zA-Z0-9](?:[a-zA-Z0-9-]{0,61}[a-zA-Z0-9])?\\.)+[a-zA-Z]{2,}$', 'VALUE': None, '__type__': 'PrimitiveData'}}], 'PORT': [{'__type__': 'PrimitiveData', 'content': {'DATA_CLASS': True, 'DATA_TYPE': 'int', 'DESCRIPTION': 'Internet port on the range from: 1, to: 65,535', 'MAXIMUM_LENGTH': None, 'MAXIMUM_SIZE': 65535, 'MINIMUM_LENGTH': None, 'MINIMUM_SIZE': 1, 'NAME': 'Internet port', 'POSSIBLE_VALUES': None, 'REGULAR_EXPRESSION': None, 'VALUE': 24450, '__type__': 'PrimitiveData'}}]}, 'VALUE': {'ADDRESS': '127.0.0.1', 'PORT': 24450}, '__type__': 'ComplexData'}}], 'VALUE': [{'ADDRESS': '127.0.0.1', 'PORT': 24450}], '__type__': 'ComplexData'}}, 'TRANSPORT': ['INTERNET']}, 'VALUE': {'ADDRESSES': [{'ADDRESS': '127.0.0.1', 'PORT': 24450}], 'TRANSPORT': 'INTERNET'}, '__type__': 'ComplexData'}}, {'__type__': 'ComplexData', 'content': {'DATA_CLASS': True, 'DATA_TYPE': 'dict', 'DESCRIPTION': None, 'MAXIMUM_LENGTH': None, 'MINIMUM_LENGTH': None, 'NAME': 'BLUETOOTH Profile', 'POSSIBLE_VALUES': {'ADDRESSES': {'__type__': 'ComplexData', 'content': {'DATA_CLASS': True, 'DATA_TYPE': 'list', 'DESCRIPTION': None, 'MAXIMUM_LENGTH': None, 'MINIMUM_LENGTH': 1, 'NAME': 'BT List', 'POSSIBLE_VALUES': [{'__type__': 'ComplexData', 'content': {'DATA_CLASS': True, 'DATA_TYPE': 'dict', 'DESCRIPTION': None, 'MAXIMUM_LENGTH': None, 'MINIMUM_LENGTH': None, 'NAME': 'BT Endpoint', 'POSSIBLE_VALUES': {'ADDRESS': [{'__type__': 'PrimitiveData', 'content': {'DATA_CLASS': True, 'DATA_TYPE': 'str', 'DESCRIPTION': 'MAC address', 'MAXIMUM_LENGTH': None, 'MAXIMUM_SIZE': 17, 'MINIMUM_LENGTH': None, 'MINIMUM_SIZE': 17, 'NAME': 'MAC address', 'POSSIBLE_VALUES': None, 'REGULAR_EXPRESSION': '^([0-9A-Fa-f]{2}[:-]){5}([0-9A-Fa-f]{2})$', 'VALUE': None, '__type__': 'PrimitiveData'}}], 'PORT': [{'__type__': 'PrimitiveData', 'content': {'DATA_CLASS': True, 'DATA_TYPE': 'int', 'DESCRIPTION': 'Internet port on the range from: 1, to: 65,535', 'MAXIMUM_LENGTH': None, 'MAXIMUM_SIZE': 65535, 'MINIMUM_LENGTH': None, 'MINIMUM_SIZE': 1, 'NAME': 'Internet port', 'POSSIBLE_VALUES': None, 'REGULAR_EXPRESSION': None, 'VALUE': None, '__type__': 'PrimitiveData'}}]}, 'VALUE': None, '__type__': 'ComplexData'}}], 'VALUE': None, '__type__': 'ComplexData'}}, 'TRANSPORT': ['BLUETOOTH']}, 'VALUE': None, '__type__': 'ComplexData'}}], 'VALUE': [{'ADDRESSES': [{'ADDRESS': '127.0.0.1', 'PORT': 24450}], 'TRANSPORT': 'INTERNET'}], '__type__': 'ComplexData'}}}
2026-03-05 00:52:54,195 | COMMUNICATION_CLIENT | INFO     | Module successfully started
2026-03-05 00:52:54,196 | COMMUNICATION_CLIENT | DEBUG    | END: start | RESULT: True | TIME: 0.0041s
2026-03-05 00:52:54,196 | COMMUNICATION_LAYER  | INFO     | Module COMMUNICATION_CLIENT loaded and started successfully
2026-03-05 00:52:54,197 | COMMUNICATION_LAYER  | DEBUG    | END: load_module | RESULT: True | TIME: 0.0063s
2026-03-05 00:52:54,197 | COMMUNICATION_LAYER  | INFO     | Module: COMMUNICATION_CLIENT, loaded successfully
2026-03-05 00:52:54,197 | COMMUNICATION_LAYER  | INFO     | Communication layer loaded successfully
2026-03-05 00:52:54,196 | COMMUNICATION_CLIENT | DEBUG    | Configuration instance: <configurations.classes.configurations.Configurations object at 0x7ef1849b3d70>
2026-03-05 00:52:54,197 | COMMUNICATION_CLIENT | DEBUG    | Current settings: ['SERVER_PROFILES']
2026-03-05 00:52:54,197 | COMMUNICATION_CLIENT | DEBUG    | Server profiles: <configurations.classes.setting.Setting object at 0x7ef183287170>
2026-03-05 00:52:54,197 | COMMUNICATION_CLIENT | DEBUG    | Server profile: {'ADDRESSES': [{'ADDRESS': '127.0.0.1', 'PORT': 24450}], 'TRANSPORT': 'INTERNET'}
2026-03-05 00:52:54,198 | COMMUNICATION_CLIENT | DEBUG    | Endpoint: {'ADDRESS': '127.0.0.1', 'PORT': 24450}
2026-03-05 00:52:54,198 | COMMUNICATION_LAYER  | DEBUG    | END: start | RESULT: True | TIME: 0.0293s
2026-03-05 00:52:54,198 | COMMUNICATION_CLIENT | DEBUG    | EXEC: _session_exists_for_endpoint | ARGS: (<shared.communication_architecture.layers.communication.modules.client.CommunicationClient object at 0x7ef183512270>, '127.0.0.1', 24450) | KWARGS: {}
2026-03-05 00:52:54,198 | COMMUNICATION_CLIENT | DEBUG    | END: _session_exists_for_endpoint | RESULT: False | TIME: 0.0001s
2026-03-05 00:52:54,198 | COMMUNICATION_CLIENT | DEBUG    | Requesting connection with address: 127.0.0.1, and port: 24450
2026-03-05 00:52:54,198 | COMMUNICATION_CLIENT | DEBUG    | EXEC: _establish_transport_connection | ARGS: (<shared.communication_architecture.layers.communication.modules.client.CommunicationClient object at 0x7ef183512270>, 'INTERNET', '127.0.0.1', 24450) | KWARGS: {}
2026-03-05 00:52:54,198 | COMMUNICATION_CLIENT | DEBUG    | Establishing a transport connection with transport type: INTERNET, to address: 127.0.0.1:24450
2026-03-05 00:52:54,199 | TRANSPORT_LAYER      | DEBUG    | EXEC: query_modules | ARGS: (<shared.communication_architecture.layers.transport.TransportLayer object at 0x7ef18340d1f0>,) | KWARGS: {}
2026-03-05 00:52:54,199 | CONTROL_LAYER        | DEBUG    | EXEC: start | ARGS: (<shared.communication_architecture.layers.control.ControlLayer object at 0x7ef18326d9a0>,) | KWARGS: {}
2026-03-05 00:52:54,199 | CONTROL_LAYER        | INFO     | Starting Control layer
2026-03-05 00:52:54,199 | CONTROL_LAYER        | INFO     | Loading control modules
2026-03-05 00:52:54,199 | CONTROL_LAYER        | DEBUG    | EXEC: load_modules | ARGS: (<shared.communication_architecture.layers.control.ControlLayer object at 0x7ef18326d9a0>,) | KWARGS: {}
2026-03-05 00:52:54,199 | CONTROL_LAYER        | INFO     | Loading available modules
2026-03-05 00:52:54,207 | TRANSPORT_LAYER      | DEBUG    | END: query_modules | RESULT: ['TRANSPORT_TCP_IP'] | TIME: 0.0084s
2026-03-05 00:52:54,207 | COMMUNICATION_CLIENT | DEBUG    | Current available transport modules: ['TRANSPORT_TCP_IP']
2026-03-05 00:52:54,208 | TRANSPORT_LAYER      | DEBUG    | EXEC: query_module | ARGS: (<shared.communication_architecture.layers.transport.TransportLayer object at 0x7ef18340d1f0>, 'TRANSPORT_TCP_IP') | KWARGS: {}
2026-03-05 00:52:54,208 | TRANSPORT_LAYER      | DEBUG    | END: query_module | RESULT: <class 'shared.communication_architecture.layers.transport.modules.tcpip.TransportModule'> | TIME: 0.0002s
2026-03-05 00:52:54,208 | COMMUNICATION_CLIENT | DEBUG    | Module class: <class 'shared.communication_architecture.layers.transport.modules.tcpip.TransportModule'>
2026-03-05 00:52:54,208 | COMMUNICATION_CLIENT | DEBUG    | Transport module: TRANSPORT_TCP_IP | Transport type: INTERNET
2026-03-05 00:52:54,208 | TRANSPORT_LAYER      | DEBUG    | EXEC: query_module | ARGS: (<shared.communication_architecture.layers.transport.TransportLayer object at 0x7ef18340d1f0>, 'TRANSPORT_TCP_IP') | KWARGS: {}
2026-03-05 00:52:54,208 | TRANSPORT_LAYER      | DEBUG    | END: query_module | RESULT: <class 'shared.communication_architecture.layers.transport.modules.tcpip.TransportModule'> | TIME: 0.0001s
2026-03-05 00:52:54,212 | CONTROL_LAYER        | DEBUG    | EXEC: query_modules | ARGS: (<shared.communication_architecture.layers.control.ControlLayer object at 0x7ef18326d9a0>,) | KWARGS: {}
2026-03-05 00:52:54,212 | CONTROL_LAYER        | DEBUG    | END: query_modules | RESULT: ['SYSTEM_SHELL_PASSIVE'] | TIME: 0.0004s
2026-03-05 00:52:54,210 | TRANSPORT_LAYER      | DEBUG    | EXEC: connect | ARGS: (<shared.communication_architecture.layers.transport.TransportLayer object at 0x7ef18340d1f0>, <class 'shared.communication_architecture.layers.transport.modules.tcpip.TransportModule'>, <configurations.classes.configurations.Configurations object at 0x7ef18329c860>) | KWARGS: {}
2026-03-05 00:52:54,212 | TRANSPORT_LAYER      | INFO     | Transport layer connecting with module: <class 'shared.communication_architecture.layers.transport.modules.tcpip.TransportModule'>, with configurations: <configurations.classes.configurations.Configurations object at 0x7ef18329c860>
2026-03-05 00:52:54,213 | TRANSPORT_TCP_IP     | DEBUG    | EXEC: configure | ARGS: (<shared.communication_architecture.layers.transport.modules.tcpip.TransportModule object at 0x7ef183287500>, <configurations.classes.configurations.Configurations object at 0x7ef18329c860>) | KWARGS: {}
2026-03-05 00:52:54,213 | TRANSPORT_TCP_IP     | INFO     | Module configurated
2026-03-05 00:52:54,213 | TRANSPORT_TCP_IP     | DEBUG    | END: configure | RESULT: True | TIME: 0.0004s
2026-03-05 00:52:54,213 | TRANSPORT_TCP_IP     | DEBUG    | EXEC: start | ARGS: (<shared.communication_architecture.layers.transport.modules.tcpip.TransportModule object at 0x7ef183287500>,) | KWARGS: {}
2026-03-05 00:52:54,213 | TRANSPORT_TCP_IP     | INFO     | Module initializated
2026-03-05 00:52:54,214 | CONTROL_LAYER        | DEBUG    | EXEC: query_modules | ARGS: (<shared.communication_architecture.layers.control.ControlLayer object at 0x7ef18326d9a0>,) | KWARGS: {}
2026-03-05 00:52:54,215 | CONTROL_LAYER        | DEBUG    | END: query_modules | RESULT: ['SYSTEM_SHELL_PASSIVE'] | TIME: 0.0005s
2026-03-05 00:52:54,213 | TRANSPORT_TCP_IP     | DEBUG    | END: start | RESULT: True | TIME: 0.0003s
2026-03-05 00:52:54,215 | TRANSPORT_TCP_IP     | DEBUG    | EXEC: connect | ARGS: (<shared.communication_architecture.layers.transport.modules.tcpip.TransportModule object at 0x7ef183287500>,) | KWARGS: {}
2026-03-05 00:52:54,215 | CONTROL_LAYER        | INFO     | Instanciating module: SYSTEM_SHELL_PASSIVE
2026-03-05 00:52:54,216 | TRANSPORT_TCP_IP     | INFO     | Connecting module
2026-03-05 00:52:54,219 | CONTROL_LAYER        | DEBUG    | EXEC: query_module | ARGS: (<shared.communication_architecture.layers.control.ControlLayer object at 0x7ef18326d9a0>, 'SYSTEM_SHELL_PASSIVE') | KWARGS: {}
2026-03-05 00:52:54,219 | CONTROL_LAYER        | DEBUG    | END: query_module | RESULT: <class 'shared.communication_architecture.layers.control.modules.shell_passive.ShellPassive'> | TIME: 0.0004s
2026-03-05 00:52:54,221 | CONTROL_LAYER        | DEBUG    | EXEC: load_module | ARGS: (<shared.communication_architecture.layers.control.ControlLayer object at 0x7ef18326d9a0>, 'SYSTEM_SHELL_PASSIVE', <configurations.classes.configurations.Configurations object at 0x7ef18329d0a0>) | KWARGS: {}
2026-03-05 00:52:54,221 | CONTROL_LAYER        | INFO     | Loading communication module: SYSTEM_SHELL_PASSIVE
2026-03-05 00:52:54,222 | CONTROL_LAYER        | DEBUG    | EXEC: query_module | ARGS: (<shared.communication_architecture.layers.control.ControlLayer object at 0x7ef18326d9a0>, 'SYSTEM_SHELL_PASSIVE') | KWARGS: {}
2026-03-05 00:52:54,222 | TRANSPORT_TCP_IP     | INFO     | Connecting with IP: 2, with TCP
2026-03-05 00:52:54,222 | CONTROL_LAYER        | DEBUG    | END: query_module | RESULT: <class 'shared.communication_architecture.layers.control.modules.shell_passive.ShellPassive'> | TIME: 0.0003s
2026-03-05 00:52:54,223 | TRANSPORT_TCP_IP     | ERROR    | Error on the connection: [Errno 111] Connection refused
2026-03-05 00:52:54,224 | SYSTEM_SHELL_PASSIVE | DEBUG    | EXEC: configure | ARGS: (<shared.communication_architecture.layers.control.modules.shell_passive.ShellPassive object at 0x7ef18329c8f0>, <configurations.classes.configurations.Configurations object at 0x7ef18329d0a0>) | KWARGS: {}
2026-03-05 00:52:54,225 | CONTROL_SYSTEM_SHELL_PASSIVE | INFO     | Module configured successfully.
2026-03-05 00:52:54,225 | SYSTEM_SHELL_PASSIVE | DEBUG    | END: configure | RESULT: True | TIME: 0.0007s
2026-03-05 00:52:54,227 | SYSTEM_SHELL_PASSIVE | DEBUG    | EXEC: start | ARGS: (<shared.communication_architecture.layers.control.modules.shell_passive.ShellPassive object at 0x7ef18329c8f0>,) | KWARGS: {}
2026-03-05 00:52:54,227 | CONTROL_SYSTEM_SHELL_PASSIVE | INFO     | Starting SHELL_PASSIVE module...
2026-03-05 00:52:54,228 | SYSTEM_SHELL_PASSIVE | DEBUG    | EXEC: _listener_loop | ARGS: (<shared.communication_architecture.layers.control.modules.shell_passive.ShellPassive object at 0x7ef18329c8f0>,) | KWARGS: {}
2026-03-05 00:52:54,231 | CONTROL_SYSTEM_SHELL_PASSIVE | INFO     | Module started successfully.
2026-03-05 00:52:54,231 | CONTROL_SYSTEM_SHELL_PASSIVE | INFO     | Passive Shell listener started.
2026-03-05 00:52:54,232 | SYSTEM_SHELL_PASSIVE | DEBUG    | END: start | RESULT: True | TIME: 0.0057s
2026-03-05 00:52:54,232 | TRANSPORT_TCP_IP     | DEBUG    | END: connect | RESULT: False | TIME: 0.0170s
2026-03-05 00:52:54,233 | CONTROL_LAYER        | INFO     | Module SYSTEM_SHELL_PASSIVE loaded and started successfully
2026-03-05 00:52:54,234 | CONTROL_LAYER        | DEBUG    | END: load_module | RESULT: True | TIME: 0.0126s
2026-03-05 00:52:54,234 | CONTROL_LAYER        | INFO     | Module: SYSTEM_SHELL_PASSIVE, loaded successfully
2026-03-05 00:52:54,234 | CONTROL_LAYER        | INFO     | Modules loaded successfully
2026-03-05 00:52:54,234 | CONTROL_LAYER        | DEBUG    | END: load_modules | RESULT: True | TIME: 0.0348s
2026-03-05 00:52:54,234 | CONTROL_LAYER        | INFO     | Control modules loaded
2026-03-05 00:52:54,234 | CONTROL_LAYER        | INFO     | Control layer initializated successfully
2026-03-05 00:52:54,233 | TRANSPORT_LAYER      | INFO     | Connection result: False
2026-03-05 00:52:54,235 | TRANSPORT_LAYER      | ERROR    | Connection result: ERROR
2026-03-05 00:52:54,235 | TRANSPORT_LAYER      | DEBUG    | END: connect | RESULT: False | TIME: 0.0253s
2026-03-05 00:52:54,234 | CONTROL_LAYER        | DEBUG    | END: start | RESULT: True | TIME: 0.0357s
2026-03-05 00:52:54,237 | TRANSPORT_LAYER      | DEBUG    | EXEC: query_module | ARGS: (<shared.communication_architecture.layers.transport.TransportLayer object at 0x7ef18340d1f0>, 'TRANSPORT_TCP_IP') | KWARGS: {}
2026-03-05 00:52:54,236 | COMMUNICATION_CLIENT | DEBUG    | END: _establish_transport_connection | RESULT: False | TIME: 0.0378s
2026-03-05 00:52:54,237 | COMMUNICATION_CLIENT | DEBUG    | Connection result: False
2026-03-05 00:52:54,237 | TRANSPORT_LAYER      | DEBUG    | END: query_module | RESULT: <class 'shared.communication_architecture.layers.transport.modules.tcpip.TransportModule'> | TIME: 0.0006s
