2026-02-21 21:47:11,383 | TRANSPORT_LAYER      | INFO     | Transport layer initializated
2026-02-21 21:47:11,389 | TRANSPORT_LAYER      | INFO     | Transport layer connecting with module: <class 'shared.communication_architecture.layers.transport.modules.tcpip.TransportModule'>, with configurations: <configurations.classes.configurations.Configurations object at 0x74445a13ef60>
2026-02-21 21:47:11,389 | TRANSPORT_TCP_IP     | INFO     | Module configurated
2026-02-21 21:47:11,390 | TRANSPORT_TCP_IP     | INFO     | Module initializated
2026-02-21 21:47:11,390 | TRANSPORT_TCP_IP     | INFO     | Connecting module
2026-02-21 21:47:11,391 | TRANSPORT_TCP_IP     | INFO     | Connecting with IP: 2, with TCP
2026-02-21 21:47:11,391 | TRANSPORT_TCP_IP     | INFO     | Module connected successfully
2026-02-21 21:47:11,392 | TRANSPORT_TCP_IP     | INFO     | Starting data receiver routine
2026-02-21 21:47:11,392 | TRANSPORT_LAYER      | INFO     | Connection result: True
2026-02-21 21:47:11,392 | TRANSPORT_LAYER      | INFO     | Connection (connect) registered with the identifier: 1
2026-02-21 21:47:11,396 | PROTECTION_LAYER     | INFO     | Protection layer initializated
2026-02-21 21:47:11,397 | PROTECTION_LAYER     | INFO     | Starting negotation with role: PASSIVE, with the connection: 1
2026-02-21 21:47:11,397 | TRANSPORT_TCP_IP     | INFO     | Sending data to the connection
2026-02-21 21:47:11,397 | TRANSPORT_TCP_IP     | INFO     | Data sended successfully: 74
2026-02-21 21:47:11,398 | TRANSPORT_TCP_IP     | INFO     | Total new data append: 101
2026-02-21 21:47:11,497 | TRANSPORT_LAYER      | INFO     | Data received: b'', with length: 0, from the connection: 1
2026-02-21 21:47:11,508 | TRANSPORT_TCP_IP     | INFO     | Total readed data: 1
2026-02-21 21:47:11,508 | TRANSPORT_LAYER      | INFO     | Data received: b'H', with length: 1, from the connection: 1
2026-02-21 21:47:11,508 | TRANSPORT_TCP_IP     | INFO     | Total readed data: 1
2026-02-21 21:47:11,508 | TRANSPORT_LAYER      | INFO     | Data received: b'T', with length: 1, from the connection: 1
2026-02-21 21:47:11,508 | TRANSPORT_TCP_IP     | INFO     | Total readed data: 1
2026-02-21 21:47:11,508 | TRANSPORT_LAYER      | INFO     | Data received: b'T', with length: 1, from the connection: 1
2026-02-21 21:47:11,509 | TRANSPORT_TCP_IP     | INFO     | Total readed data: 1
2026-02-21 21:47:11,509 | TRANSPORT_LAYER      | INFO     | Data received: b'P', with length: 1, from the connection: 1
2026-02-21 21:47:11,509 | TRANSPORT_TCP_IP     | INFO     | Total readed data: 1
2026-02-21 21:47:11,509 | TRANSPORT_LAYER      | INFO     | Data received: b'/', with length: 1, from the connection: 1
2026-02-21 21:47:11,509 | TRANSPORT_TCP_IP     | INFO     | Total readed data: 1
2026-02-21 21:47:11,509 | TRANSPORT_LAYER      | INFO     | Data received: b'1', with length: 1, from the connection: 1
2026-02-21 21:47:11,509 | TRANSPORT_TCP_IP     | INFO     | Total readed data: 1
2026-02-21 21:47:11,509 | TRANSPORT_LAYER      | INFO     | Data received: b'.', with length: 1, from the connection: 1
2026-02-21 21:47:11,510 | TRANSPORT_TCP_IP     | INFO     | Total readed data: 1
2026-02-21 21:47:11,510 | TRANSPORT_LAYER      | INFO     | Data received: b'0', with length: 1, from the connection: 1
2026-02-21 21:47:11,510 | TRANSPORT_TCP_IP     | INFO     | Total readed data: 1
2026-02-21 21:47:11,510 | TRANSPORT_LAYER      | INFO     | Data received: b' ', with length: 1, from the connection: 1
2026-02-21 21:47:11,510 | TRANSPORT_TCP_IP     | INFO     | Total readed data: 1
2026-02-21 21:47:11,510 | TRANSPORT_LAYER      | INFO     | Data received: b'4', with length: 1, from the connection: 1
2026-02-21 21:47:11,510 | TRANSPORT_TCP_IP     | INFO     | Total readed data: 1
2026-02-21 21:47:11,510 | TRANSPORT_LAYER      | INFO     | Data received: b'0', with length: 1, from the connection: 1
2026-02-21 21:47:11,510 | TRANSPORT_TCP_IP     | INFO     | Total readed data: 1
2026-02-21 21:47:11,511 | TRANSPORT_LAYER      | INFO     | Data received: b'0', with length: 1, from the connection: 1
2026-02-21 21:47:11,511 | TRANSPORT_TCP_IP     | INFO     | Total readed data: 1
2026-02-21 21:47:11,511 | TRANSPORT_LAYER      | INFO     | Data received: b' ', with length: 1, from the connection: 1
2026-02-21 21:47:11,511 | TRANSPORT_TCP_IP     | INFO     | Total readed data: 1
2026-02-21 21:47:11,511 | TRANSPORT_LAYER      | INFO     | Data received: b'B', with length: 1, from the connection: 1
2026-02-21 21:47:11,511 | TRANSPORT_TCP_IP     | INFO     | Total readed data: 1
2026-02-21 21:47:11,511 | TRANSPORT_LAYER      | INFO     | Data received: b'a', with length: 1, from the connection: 1
2026-02-21 21:47:11,511 | TRANSPORT_TCP_IP     | INFO     | Total readed data: 1
2026-02-21 21:47:11,511 | TRANSPORT_LAYER      | INFO     | Data received: b'd', with length: 1, from the connection: 1
2026-02-21 21:47:11,512 | TRANSPORT_TCP_IP     | INFO     | Total readed data: 1
2026-02-21 21:47:11,512 | TRANSPORT_LAYER      | INFO     | Data received: b' ', with length: 1, from the connection: 1
2026-02-21 21:47:11,512 | TRANSPORT_TCP_IP     | INFO     | Total readed data: 1
2026-02-21 21:47:11,512 | TRANSPORT_LAYER      | INFO     | Data received: b'R', with length: 1, from the connection: 1
2026-02-21 21:47:11,512 | TRANSPORT_TCP_IP     | INFO     | Total readed data: 1
2026-02-21 21:47:11,512 | TRANSPORT_LAYER      | INFO     | Data received: b'e', with length: 1, from the connection: 1
2026-02-21 21:47:11,512 | TRANSPORT_TCP_IP     | INFO     | Total readed data: 1
2026-02-21 21:47:11,512 | TRANSPORT_LAYER      | INFO     | Data received: b'q', with length: 1, from the connection: 1
2026-02-21 21:47:11,512 | TRANSPORT_TCP_IP     | INFO     | Total readed data: 1
2026-02-21 21:47:11,513 | TRANSPORT_LAYER      | INFO     | Data received: b'u', with length: 1, from the connection: 1
2026-02-21 21:47:11,513 | TRANSPORT_TCP_IP     | INFO     | Total readed data: 1
2026-02-21 21:47:11,513 | TRANSPORT_LAYER      | INFO     | Data received: b'e', with length: 1, from the connection: 1
2026-02-21 21:47:11,513 | TRANSPORT_TCP_IP     | INFO     | Total readed data: 1
2026-02-21 21:47:11,513 | TRANSPORT_LAYER      | INFO     | Data received: b's', with length: 1, from the connection: 1
2026-02-21 21:47:11,513 | TRANSPORT_TCP_IP     | INFO     | Total readed data: 1
2026-02-21 21:47:11,514 | TRANSPORT_LAYER      | INFO     | Data received: b't', with length: 1, from the connection: 1
2026-02-21 21:47:11,514 | TRANSPORT_TCP_IP     | INFO     | Total readed data: 1
2026-02-21 21:47:11,514 | TRANSPORT_LAYER      | INFO     | Data received: b'\r', with length: 1, from the connection: 1
2026-02-21 21:47:11,514 | TRANSPORT_TCP_IP     | INFO     | Total readed data: 1
2026-02-21 21:47:11,514 | TRANSPORT_LAYER      | INFO     | Data received: b'\n', with length: 1, from the connection: 1
2026-02-21 21:47:11,514 | TRANSPORT_TCP_IP     | INFO     | Total readed data: 1
2026-02-21 21:47:11,514 | TRANSPORT_LAYER      | INFO     | Data received: b'C', with length: 1, from the connection: 1
2026-02-21 21:47:11,514 | TRANSPORT_TCP_IP     | INFO     | Total readed data: 1
2026-02-21 21:47:11,514 | TRANSPORT_LAYER      | INFO     | Data received: b'o', with length: 1, from the connection: 1
2026-02-21 21:47:11,515 | TRANSPORT_TCP_IP     | INFO     | Total readed data: 1
2026-02-21 21:47:11,515 | TRANSPORT_LAYER      | INFO     | Data received: b'n', with length: 1, from the connection: 1
2026-02-21 21:47:11,515 | TRANSPORT_TCP_IP     | INFO     | Total readed data: 1
2026-02-21 21:47:11,515 | TRANSPORT_LAYER      | INFO     | Data received: b't', with length: 1, from the connection: 1
2026-02-21 21:47:11,516 | TRANSPORT_TCP_IP     | INFO     | Total readed data: 1
2026-02-21 21:47:11,516 | TRANSPORT_LAYER      | INFO     | Data received: b'e', with length: 1, from the connection: 1
2026-02-21 21:47:11,516 | TRANSPORT_TCP_IP     | INFO     | Total readed data: 1
2026-02-21 21:47:11,516 | TRANSPORT_LAYER      | INFO     | Data received: b'n', with length: 1, from the connection: 1
2026-02-21 21:47:11,516 | TRANSPORT_TCP_IP     | INFO     | Total readed data: 1
2026-02-21 21:47:11,516 | TRANSPORT_LAYER      | INFO     | Data received: b't', with length: 1, from the connection: 1
2026-02-21 21:47:11,517 | TRANSPORT_TCP_IP     | INFO     | Total readed data: 1
2026-02-21 21:47:11,517 | TRANSPORT_LAYER      | INFO     | Data received: b'-', with length: 1, from the connection: 1
2026-02-21 21:47:11,517 | TRANSPORT_TCP_IP     | INFO     | Total readed data: 1
2026-02-21 21:47:11,517 | TRANSPORT_LAYER      | INFO     | Data received: b'T', with length: 1, from the connection: 1
2026-02-21 21:47:11,517 | TRANSPORT_TCP_IP     | INFO     | Total readed data: 1
2026-02-21 21:47:11,517 | TRANSPORT_LAYER      | INFO     | Data received: b'y', with length: 1, from the connection: 1
2026-02-21 21:47:11,518 | TRANSPORT_TCP_IP     | INFO     | Total readed data: 1
2026-02-21 21:47:11,518 | TRANSPORT_LAYER      | INFO     | Data received: b'p', with length: 1, from the connection: 1
2026-02-21 21:47:11,518 | TRANSPORT_TCP_IP     | INFO     | Total readed data: 1
2026-02-21 21:47:11,518 | TRANSPORT_LAYER      | INFO     | Data received: b'e', with length: 1, from the connection: 1
2026-02-21 21:47:11,518 | TRANSPORT_TCP_IP     | INFO     | Total readed data: 1
2026-02-21 21:47:11,518 | TRANSPORT_LAYER      | INFO     | Data received: b':', with length: 1, from the connection: 1
2026-02-21 21:47:11,518 | TRANSPORT_TCP_IP     | INFO     | Total readed data: 1
2026-02-21 21:47:11,519 | TRANSPORT_LAYER      | INFO     | Data received: b' ', with length: 1, from the connection: 1
2026-02-21 21:47:11,519 | TRANSPORT_TCP_IP     | INFO     | Total readed data: 1
2026-02-21 21:47:11,520 | TRANSPORT_LAYER      | INFO     | Data received: b't', with length: 1, from the connection: 1
2026-02-21 21:47:11,520 | TRANSPORT_TCP_IP     | INFO     | Total readed data: 1
2026-02-21 21:47:11,520 | TRANSPORT_LAYER      | INFO     | Data received: b'e', with length: 1, from the connection: 1
2026-02-21 21:47:11,520 | TRANSPORT_TCP_IP     | INFO     | Total readed data: 1
2026-02-21 21:47:11,520 | TRANSPORT_LAYER      | INFO     | Data received: b'x', with length: 1, from the connection: 1
2026-02-21 21:47:11,520 | TRANSPORT_TCP_IP     | INFO     | Total readed data: 1
2026-02-21 21:47:11,521 | TRANSPORT_LAYER      | INFO     | Data received: b't', with length: 1, from the connection: 1
2026-02-21 21:47:11,521 | TRANSPORT_TCP_IP     | INFO     | Total readed data: 1
2026-02-21 21:47:11,521 | TRANSPORT_LAYER      | INFO     | Data received: b'/', with length: 1, from the connection: 1
2026-02-21 21:47:11,521 | TRANSPORT_TCP_IP     | INFO     | Total readed data: 1
2026-02-21 21:47:11,521 | TRANSPORT_LAYER      | INFO     | Data received: b'h', with length: 1, from the connection: 1
2026-02-21 21:47:11,521 | TRANSPORT_TCP_IP     | INFO     | Total readed data: 1
2026-02-21 21:47:11,521 | TRANSPORT_LAYER      | INFO     | Data received: b't', with length: 1, from the connection: 1
2026-02-21 21:47:11,521 | TRANSPORT_TCP_IP     | INFO     | Total readed data: 1
2026-02-21 21:47:11,521 | TRANSPORT_LAYER      | INFO     | Data received: b'm', with length: 1, from the connection: 1
2026-02-21 21:47:11,522 | TRANSPORT_TCP_IP     | INFO     | Total readed data: 1
2026-02-21 21:47:11,522 | TRANSPORT_LAYER      | INFO     | Data received: b'l', with length: 1, from the connection: 1
2026-02-21 21:47:11,522 | TRANSPORT_TCP_IP     | INFO     | Total readed data: 1
2026-02-21 21:47:11,522 | TRANSPORT_LAYER      | INFO     | Data received: b';', with length: 1, from the connection: 1
2026-02-21 21:47:11,522 | TRANSPORT_TCP_IP     | INFO     | Total readed data: 1
2026-02-21 21:47:11,522 | TRANSPORT_LAYER      | INFO     | Data received: b' ', with length: 1, from the connection: 1
2026-02-21 21:47:11,522 | TRANSPORT_TCP_IP     | INFO     | Total readed data: 1
2026-02-21 21:47:11,522 | TRANSPORT_LAYER      | INFO     | Data received: b'c', with length: 1, from the connection: 1
2026-02-21 21:47:11,523 | TRANSPORT_TCP_IP     | INFO     | Total readed data: 1
2026-02-21 21:47:11,523 | TRANSPORT_LAYER      | INFO     | Data received: b'h', with length: 1, from the connection: 1
2026-02-21 21:47:11,523 | TRANSPORT_TCP_IP     | INFO     | Total readed data: 1
2026-02-21 21:47:11,523 | TRANSPORT_LAYER      | INFO     | Data received: b'a', with length: 1, from the connection: 1
2026-02-21 21:47:11,523 | TRANSPORT_TCP_IP     | INFO     | Total readed data: 1
2026-02-21 21:47:11,523 | TRANSPORT_LAYER      | INFO     | Data received: b'r', with length: 1, from the connection: 1
2026-02-21 21:47:11,523 | TRANSPORT_TCP_IP     | INFO     | Total readed data: 1
2026-02-21 21:47:11,523 | TRANSPORT_LAYER      | INFO     | Data received: b's', with length: 1, from the connection: 1
2026-02-21 21:47:11,524 | TRANSPORT_TCP_IP     | INFO     | Total readed data: 1
2026-02-21 21:47:11,524 | TRANSPORT_LAYER      | INFO     | Data received: b'e', with length: 1, from the connection: 1
2026-02-21 21:47:11,524 | TRANSPORT_TCP_IP     | INFO     | Total readed data: 1
2026-02-21 21:47:11,524 | TRANSPORT_LAYER      | INFO     | Data received: b't', with length: 1, from the connection: 1
2026-02-21 21:47:11,524 | TRANSPORT_TCP_IP     | INFO     | Total readed data: 1
2026-02-21 21:47:11,524 | TRANSPORT_LAYER      | INFO     | Data received: b'=', with length: 1, from the connection: 1
2026-02-21 21:47:11,525 | TRANSPORT_TCP_IP     | INFO     | Total readed data: 1
2026-02-21 21:47:11,525 | TRANSPORT_LAYER      | INFO     | Data received: b'U', with length: 1, from the connection: 1
2026-02-21 21:47:11,526 | TRANSPORT_TCP_IP     | INFO     | Total readed data: 1
2026-02-21 21:47:11,526 | TRANSPORT_LAYER      | INFO     | Data received: b'T', with length: 1, from the connection: 1
2026-02-21 21:47:11,526 | TRANSPORT_TCP_IP     | INFO     | Total readed data: 1
2026-02-21 21:47:11,526 | TRANSPORT_LAYER      | INFO     | Data received: b'F', with length: 1, from the connection: 1
2026-02-21 21:47:11,526 | TRANSPORT_TCP_IP     | INFO     | Total readed data: 1
2026-02-21 21:47:11,526 | TRANSPORT_LAYER      | INFO     | Data received: b'-', with length: 1, from the connection: 1
2026-02-21 21:47:11,526 | TRANSPORT_TCP_IP     | INFO     | Total readed data: 1
2026-02-21 21:47:11,526 | TRANSPORT_LAYER      | INFO     | Data received: b'8', with length: 1, from the connection: 1
2026-02-21 21:47:11,526 | TRANSPORT_TCP_IP     | INFO     | Total readed data: 1
2026-02-21 21:47:11,527 | TRANSPORT_LAYER      | INFO     | Data received: b'\r', with length: 1, from the connection: 1
2026-02-21 21:47:11,527 | TRANSPORT_TCP_IP     | INFO     | Total readed data: 1
2026-02-21 21:47:11,528 | TRANSPORT_LAYER      | INFO     | Data received: b'\n', with length: 1, from the connection: 1
2026-02-21 21:47:11,528 | TRANSPORT_TCP_IP     | INFO     | Total readed data: 1
2026-02-21 21:47:11,528 | TRANSPORT_LAYER      | INFO     | Data received: b'\r', with length: 1, from the connection: 1
2026-02-21 21:47:11,528 | TRANSPORT_TCP_IP     | INFO     | Total readed data: 1
2026-02-21 21:47:11,528 | TRANSPORT_LAYER      | INFO     | Data received: b'\n', with length: 1, from the connection: 1
2026-02-21 21:47:11,528 | TRANSPORT_TCP_IP     | INFO     | Total readed data: 1
2026-02-21 21:47:11,528 | TRANSPORT_LAYER      | INFO     | Data received: b'W', with length: 1, from the connection: 1
2026-02-21 21:47:11,528 | TRANSPORT_TCP_IP     | INFO     | Total readed data: 1
2026-02-21 21:47:11,529 | TRANSPORT_LAYER      | INFO     | Data received: b'e', with length: 1, from the connection: 1
2026-02-21 21:47:11,529 | TRANSPORT_TCP_IP     | INFO     | Total readed data: 1
2026-02-21 21:47:11,529 | TRANSPORT_LAYER      | INFO     | Data received: b'b', with length: 1, from the connection: 1
2026-02-21 21:47:11,529 | TRANSPORT_TCP_IP     | INFO     | Total readed data: 1
2026-02-21 21:47:11,529 | TRANSPORT_LAYER      | INFO     | Data received: b'S', with length: 1, from the connection: 1
2026-02-21 21:47:11,529 | TRANSPORT_TCP_IP     | INFO     | Total readed data: 1
2026-02-21 21:47:11,529 | TRANSPORT_LAYER      | INFO     | Data received: b'o', with length: 1, from the connection: 1
2026-02-21 21:47:11,529 | TRANSPORT_TCP_IP     | INFO     | Total readed data: 1
2026-02-21 21:47:11,530 | TRANSPORT_LAYER      | INFO     | Data received: b'c', with length: 1, from the connection: 1
2026-02-21 21:47:11,530 | TRANSPORT_TCP_IP     | INFO     | Total readed data: 1
2026-02-21 21:47:11,530 | TRANSPORT_LAYER      | INFO     | Data received: b'k', with length: 1, from the connection: 1
2026-02-21 21:47:11,530 | TRANSPORT_TCP_IP     | INFO     | Total readed data: 1
2026-02-21 21:47:11,530 | TRANSPORT_LAYER      | INFO     | Data received: b'e', with length: 1, from the connection: 1
2026-02-21 21:47:11,531 | TRANSPORT_TCP_IP     | INFO     | Total readed data: 1
2026-02-21 21:47:11,531 | TRANSPORT_LAYER      | INFO     | Data received: b't', with length: 1, from the connection: 1
2026-02-21 21:47:11,531 | TRANSPORT_TCP_IP     | INFO     | Total readed data: 1
2026-02-21 21:47:11,531 | TRANSPORT_LAYER      | INFO     | Data received: b's', with length: 1, from the connection: 1
2026-02-21 21:47:11,531 | TRANSPORT_TCP_IP     | INFO     | Total readed data: 1
2026-02-21 21:47:11,531 | TRANSPORT_LAYER      | INFO     | Data received: b' ', with length: 1, from the connection: 1
2026-02-21 21:47:11,532 | TRANSPORT_TCP_IP     | INFO     | Total readed data: 1
2026-02-21 21:47:11,532 | TRANSPORT_LAYER      | INFO     | Data received: b'r', with length: 1, from the connection: 1
2026-02-21 21:47:11,532 | TRANSPORT_TCP_IP     | INFO     | Total readed data: 1
2026-02-21 21:47:11,532 | TRANSPORT_LAYER      | INFO     | Data received: b'e', with length: 1, from the connection: 1
2026-02-21 21:47:11,532 | TRANSPORT_TCP_IP     | INFO     | Total readed data: 1
2026-02-21 21:47:11,532 | TRANSPORT_LAYER      | INFO     | Data received: b'q', with length: 1, from the connection: 1
2026-02-21 21:47:11,532 | TRANSPORT_TCP_IP     | INFO     | Total readed data: 1
2026-02-21 21:47:11,532 | TRANSPORT_LAYER      | INFO     | Data received: b'u', with length: 1, from the connection: 1
2026-02-21 21:47:11,532 | TRANSPORT_TCP_IP     | INFO     | Total readed data: 1
2026-02-21 21:47:11,533 | TRANSPORT_LAYER      | INFO     | Data received: b'e', with length: 1, from the connection: 1
2026-02-21 21:47:11,533 | TRANSPORT_TCP_IP     | INFO     | Total readed data: 1
2026-02-21 21:47:11,533 | TRANSPORT_LAYER      | INFO     | Data received: b's', with length: 1, from the connection: 1
2026-02-21 21:47:11,533 | TRANSPORT_TCP_IP     | INFO     | Total readed data: 1
2026-02-21 21:47:11,534 | TRANSPORT_LAYER      | INFO     | Data received: b't', with length: 1, from the connection: 1
2026-02-21 21:47:11,534 | TRANSPORT_TCP_IP     | INFO     | Total readed data: 1
2026-02-21 21:47:11,534 | TRANSPORT_LAYER      | INFO     | Data received: b' ', with length: 1, from the connection: 1
2026-02-21 21:47:11,534 | TRANSPORT_TCP_IP     | INFO     | Total readed data: 1
2026-02-21 21:47:11,534 | TRANSPORT_LAYER      | INFO     | Data received: b'w', with length: 1, from the connection: 1
2026-02-21 21:47:11,534 | TRANSPORT_TCP_IP     | INFO     | Total readed data: 1
2026-02-21 21:47:11,534 | TRANSPORT_LAYER      | INFO     | Data received: b'a', with length: 1, from the connection: 1
2026-02-21 21:47:11,534 | TRANSPORT_TCP_IP     | INFO     | Total readed data: 1
2026-02-21 21:47:11,535 | TRANSPORT_LAYER      | INFO     | Data received: b's', with length: 1, from the connection: 1
2026-02-21 21:47:11,535 | TRANSPORT_TCP_IP     | INFO     | Total readed data: 1
2026-02-21 21:47:11,535 | TRANSPORT_LAYER      | INFO     | Data received: b' ', with length: 1, from the connection: 1
2026-02-21 21:47:11,535 | TRANSPORT_TCP_IP     | INFO     | Total readed data: 1
2026-02-21 21:47:11,535 | TRANSPORT_LAYER      | INFO     | Data received: b'e', with length: 1, from the connection: 1
2026-02-21 21:47:11,535 | TRANSPORT_TCP_IP     | INFO     | Total readed data: 1
2026-02-21 21:47:11,535 | TRANSPORT_LAYER      | INFO     | Data received: b'x', with length: 1, from the connection: 1
2026-02-21 21:47:11,535 | TRANSPORT_TCP_IP     | INFO     | Total readed data: 1
2026-02-21 21:47:11,536 | TRANSPORT_LAYER      | INFO     | Data received: b'p', with length: 1, from the connection: 1
2026-02-21 21:47:11,536 | TRANSPORT_TCP_IP     | INFO     | Total readed data: 1
2026-02-21 21:47:11,536 | TRANSPORT_LAYER      | INFO     | Data received: b'e', with length: 1, from the connection: 1
2026-02-21 21:47:11,536 | TRANSPORT_TCP_IP     | INFO     | Total readed data: 1
2026-02-21 21:47:11,536 | TRANSPORT_LAYER      | INFO     | Data received: b'c', with length: 1, from the connection: 1
2026-02-21 21:47:11,536 | TRANSPORT_TCP_IP     | INFO     | Total readed data: 1
2026-02-21 21:47:11,536 | TRANSPORT_LAYER      | INFO     | Data received: b't', with length: 1, from the connection: 1
2026-02-21 21:47:11,536 | TRANSPORT_TCP_IP     | INFO     | Total readed data: 1
2026-02-21 21:47:11,537 | TRANSPORT_LAYER      | INFO     | Data received: b'e', with length: 1, from the connection: 1
2026-02-21 21:47:11,537 | TRANSPORT_TCP_IP     | INFO     | Total readed data: 1
2026-02-21 21:47:11,537 | TRANSPORT_LAYER      | INFO     | Data received: b'd', with length: 1, from the connection: 1
2026-02-21 21:47:11,537 | TRANSPORT_TCP_IP     | INFO     | Total readed data: 1
2026-02-21 21:47:11,537 | TRANSPORT_LAYER      | INFO     | Data received: b'\r', with length: 1, from the connection: 1
2026-02-21 21:47:11,538 | TRANSPORT_TCP_IP     | INFO     | Total readed data: 1
2026-02-21 21:47:11,538 | TRANSPORT_LAYER      | INFO     | Data received: b'\n', with length: 1, from the connection: 1
2026-02-21 21:47:11,638 | TRANSPORT_LAYER      | INFO     | Data received: b'', with length: 0, from the connection: 1
2026-02-21 21:47:11,749 | TRANSPORT_LAYER      | INFO     | Data received: b'', with length: 0, from the connection: 1
2026-02-21 21:47:11,860 | TRANSPORT_LAYER      | INFO     | Data received: b'', with length: 0, from the connection: 1
2026-02-21 21:47:11,971 | TRANSPORT_LAYER      | INFO     | Data received: b'', with length: 0, from the connection: 1
2026-02-21 21:47:12,082 | TRANSPORT_LAYER      | INFO     | Data received: b'', with length: 0, from the connection: 1
2026-02-21 21:47:12,193 | TRANSPORT_LAYER      | INFO     | Data received: b'', with length: 0, from the connection: 1
2026-02-21 21:47:12,304 | TRANSPORT_LAYER      | INFO     | Data received: b'', with length: 0, from the connection: 1
2026-02-21 21:47:12,416 | TRANSPORT_LAYER      | INFO     | Data received: b'', with length: 0, from the connection: 1
2026-02-21 21:47:12,527 | TRANSPORT_LAYER      | INFO     | Data received: b'', with length: 0, from the connection: 1
2026-02-21 21:47:12,638 | TRANSPORT_LAYER      | INFO     | Data received: b'', with length: 0, from the connection: 1
2026-02-21 21:47:12,749 | TRANSPORT_LAYER      | INFO     | Data received: b'', with length: 0, from the connection: 1
2026-02-21 21:47:12,860 | TRANSPORT_LAYER      | INFO     | Data received: b'', with length: 0, from the connection: 1
2026-02-21 21:47:12,971 | TRANSPORT_LAYER      | INFO     | Data received: b'', with length: 0, from the connection: 1
2026-02-21 21:47:13,083 | TRANSPORT_LAYER      | INFO     | Data received: b'', with length: 0, from the connection: 1
2026-02-21 21:47:13,194 | TRANSPORT_LAYER      | INFO     | Data received: b'', with length: 0, from the connection: 1
2026-02-21 21:47:13,304 | TRANSPORT_LAYER      | INFO     | Data received: b'', with length: 0, from the connection: 1
2026-02-21 21:47:13,416 | TRANSPORT_LAYER      | INFO     | Data received: b'', with length: 0, from the connection: 1
2026-02-21 21:47:13,527 | TRANSPORT_LAYER      | INFO     | Data received: b'', with length: 0, from the connection: 1
2026-02-21 21:47:13,638 | TRANSPORT_LAYER      | INFO     | Data received: b'', with length: 0, from the connection: 1
2026-02-21 21:47:13,749 | TRANSPORT_LAYER      | INFO     | Data received: b'', with length: 0, from the connection: 1
2026-02-21 21:47:13,860 | TRANSPORT_LAYER      | INFO     | Data received: b'', with length: 0, from the connection: 1
2026-02-21 21:47:13,972 | TRANSPORT_LAYER      | INFO     | Data received: b'', with length: 0, from the connection: 1
2026-02-21 21:47:14,083 | TRANSPORT_LAYER      | INFO     | Data received: b'', with length: 0, from the connection: 1
2026-02-21 21:47:14,194 | TRANSPORT_LAYER      | INFO     | Data received: b'', with length: 0, from the connection: 1
2026-02-21 21:47:14,305 | TRANSPORT_LAYER      | INFO     | Data received: b'', with length: 0, from the connection: 1
2026-02-21 21:47:14,416 | TRANSPORT_LAYER      | INFO     | Data received: b'', with length: 0, from the connection: 1
2026-02-21 21:47:14,527 | TRANSPORT_LAYER      | INFO     | Data received: b'', with length: 0, from the connection: 1
2026-02-21 21:47:14,638 | TRANSPORT_LAYER      | INFO     | Data received: b'', with length: 0, from the connection: 1
2026-02-21 21:47:14,749 | TRANSPORT_LAYER      | INFO     | Data received: b'', with length: 0, from the connection: 1
2026-02-21 21:47:14,861 | TRANSPORT_LAYER      | INFO     | Data received: b'', with length: 0, from the connection: 1
2026-02-21 21:47:14,972 | TRANSPORT_LAYER      | INFO     | Data received: b'', with length: 0, from the connection: 1
2026-02-21 21:47:15,083 | TRANSPORT_LAYER      | INFO     | Data received: b'', with length: 0, from the connection: 1
2026-02-21 21:47:15,195 | TRANSPORT_LAYER      | INFO     | Data received: b'', with length: 0, from the connection: 1
2026-02-21 21:47:15,306 | TRANSPORT_LAYER      | INFO     | Data received: b'', with length: 0, from the connection: 1
2026-02-21 21:47:15,417 | TRANSPORT_LAYER      | INFO     | Data received: b'', with length: 0, from the connection: 1
2026-02-21 21:47:15,528 | TRANSPORT_LAYER      | INFO     | Data received: b'', with length: 0, from the connection: 1
2026-02-21 21:47:15,640 | TRANSPORT_LAYER      | INFO     | Data received: b'', with length: 0, from the connection: 1
2026-02-21 21:47:15,751 | TRANSPORT_LAYER      | INFO     | Data received: b'', with length: 0, from the connection: 1
2026-02-21 21:47:15,862 | TRANSPORT_LAYER      | INFO     | Data received: b'', with length: 0, from the connection: 1
2026-02-21 21:47:15,973 | TRANSPORT_LAYER      | INFO     | Data received: b'', with length: 0, from the connection: 1
2026-02-21 21:47:16,085 | TRANSPORT_LAYER      | INFO     | Data received: b'', with length: 0, from the connection: 1
2026-02-21 21:47:16,196 | TRANSPORT_LAYER      | INFO     | Data received: b'', with length: 0, from the connection: 1
2026-02-21 21:47:16,307 | TRANSPORT_LAYER      | INFO     | Data received: b'', with length: 0, from the connection: 1
2026-02-21 21:47:16,419 | TRANSPORT_LAYER      | INFO     | Data received: b'', with length: 0, from the connection: 1
2026-02-21 21:47:16,530 | TRANSPORT_LAYER      | INFO     | Data received: b'', with length: 0, from the connection: 1
2026-02-21 21:47:16,641 | TRANSPORT_LAYER      | INFO     | Data received: b'', with length: 0, from the connection: 1
2026-02-21 21:47:16,752 | TRANSPORT_LAYER      | INFO     | Data received: b'', with length: 0, from the connection: 1
2026-02-21 21:47:16,863 | TRANSPORT_LAYER      | INFO     | Data received: b'', with length: 0, from the connection: 1
2026-02-21 21:47:16,975 | TRANSPORT_LAYER      | INFO     | Data received: b'', with length: 0, from the connection: 1
2026-02-21 21:47:17,086 | TRANSPORT_LAYER      | INFO     | Data received: b'', with length: 0, from the connection: 1
2026-02-21 21:47:17,197 | TRANSPORT_LAYER      | INFO     | Data received: b'', with length: 0, from the connection: 1
2026-02-21 21:47:17,309 | TRANSPORT_LAYER      | INFO     | Data received: b'', with length: 0, from the connection: 1
2026-02-21 21:47:17,420 | TRANSPORT_LAYER      | INFO     | Data received: b'', with length: 0, from the connection: 1
2026-02-21 21:47:17,531 | TRANSPORT_LAYER      | INFO     | Data received: b'', with length: 0, from the connection: 1
2026-02-21 21:47:17,642 | TRANSPORT_LAYER      | INFO     | Data received: b'', with length: 0, from the connection: 1
2026-02-21 21:47:17,754 | TRANSPORT_LAYER      | INFO     | Data received: b'', with length: 0, from the connection: 1
2026-02-21 21:47:17,865 | TRANSPORT_LAYER      | INFO     | Data received: b'', with length: 0, from the connection: 1
2026-02-21 21:47:17,976 | TRANSPORT_LAYER      | INFO     | Data received: b'', with length: 0, from the connection: 1
2026-02-21 21:47:18,088 | TRANSPORT_LAYER      | INFO     | Data received: b'', with length: 0, from the connection: 1
2026-02-21 21:47:18,199 | TRANSPORT_LAYER      | INFO     | Data received: b'', with length: 0, from the connection: 1
2026-02-21 21:47:18,310 | TRANSPORT_LAYER      | INFO     | Data received: b'', with length: 0, from the connection: 1
2026-02-21 21:47:18,421 | TRANSPORT_LAYER      | INFO     | Data received: b'', with length: 0, from the connection: 1
2026-02-21 21:47:18,533 | TRANSPORT_LAYER      | INFO     | Data received: b'', with length: 0, from the connection: 1
2026-02-21 21:47:18,644 | TRANSPORT_LAYER      | INFO     | Data received: b'', with length: 0, from the connection: 1
2026-02-21 21:47:18,755 | TRANSPORT_LAYER      | INFO     | Data received: b'', with length: 0, from the connection: 1
2026-02-21 21:47:18,867 | TRANSPORT_LAYER      | INFO     | Data received: b'', with length: 0, from the connection: 1
2026-02-21 21:47:18,978 | TRANSPORT_LAYER      | INFO     | Data received: b'', with length: 0, from the connection: 1
2026-02-21 21:47:19,089 | TRANSPORT_LAYER      | INFO     | Data received: b'', with length: 0, from the connection: 1
2026-02-21 21:47:19,200 | TRANSPORT_LAYER      | INFO     | Data received: b'', with length: 0, from the connection: 1
2026-02-21 21:47:19,312 | TRANSPORT_LAYER      | INFO     | Data received: b'', with length: 0, from the connection: 1
2026-02-21 21:47:19,423 | TRANSPORT_LAYER      | INFO     | Data received: b'', with length: 0, from the connection: 1
2026-02-21 21:47:19,534 | TRANSPORT_LAYER      | INFO     | Data received: b'', with length: 0, from the connection: 1
2026-02-21 21:47:19,645 | TRANSPORT_LAYER      | INFO     | Data received: b'', with length: 0, from the connection: 1
2026-02-21 21:47:19,757 | TRANSPORT_LAYER      | INFO     | Data received: b'', with length: 0, from the connection: 1
2026-02-21 21:47:19,868 | TRANSPORT_LAYER      | INFO     | Data received: b'', with length: 0, from the connection: 1
2026-02-21 21:47:19,979 | TRANSPORT_LAYER      | INFO     | Data received: b'', with length: 0, from the connection: 1
2026-02-21 21:47:20,091 | TRANSPORT_LAYER      | INFO     | Data received: b'', with length: 0, from the connection: 1
2026-02-21 21:47:20,202 | TRANSPORT_LAYER      | INFO     | Data received: b'', with length: 0, from the connection: 1
2026-02-21 21:47:20,313 | TRANSPORT_LAYER      | INFO     | Data received: b'', with length: 0, from the connection: 1
2026-02-21 21:47:20,424 | TRANSPORT_LAYER      | INFO     | Data received: b'', with length: 0, from the connection: 1
2026-02-21 21:47:20,536 | TRANSPORT_LAYER      | INFO     | Data received: b'', with length: 0, from the connection: 1
2026-02-21 21:47:20,647 | TRANSPORT_LAYER      | INFO     | Data received: b'', with length: 0, from the connection: 1
2026-02-21 21:47:20,758 | TRANSPORT_LAYER      | INFO     | Data received: b'', with length: 0, from the connection: 1
2026-02-21 21:47:20,870 | TRANSPORT_LAYER      | INFO     | Data received: b'', with length: 0, from the connection: 1
2026-02-21 21:47:20,981 | TRANSPORT_LAYER      | INFO     | Data received: b'', with length: 0, from the connection: 1
2026-02-21 21:47:21,092 | TRANSPORT_LAYER      | INFO     | Data received: b'', with length: 0, from the connection: 1
2026-02-21 21:47:21,203 | TRANSPORT_LAYER      | INFO     | Data received: b'', with length: 0, from the connection: 1
2026-02-21 21:47:21,315 | TRANSPORT_LAYER      | INFO     | Data received: b'', with length: 0, from the connection: 1
2026-02-21 21:47:21,426 | TRANSPORT_LAYER      | INFO     | Data received: b'', with length: 0, from the connection: 1
2026-02-21 21:47:21,537 | TRANSPORT_LAYER      | INFO     | Data received: b'', with length: 0, from the connection: 1
2026-02-21 21:47:21,648 | TRANSPORT_LAYER      | INFO     | Data received: b'', with length: 0, from the connection: 1
2026-02-21 21:47:21,760 | TRANSPORT_LAYER      | INFO     | Data received: b'', with length: 0, from the connection: 1
2026-02-21 21:47:21,871 | TRANSPORT_LAYER      | INFO     | Data received: b'', with length: 0, from the connection: 1
2026-02-21 21:47:21,982 | TRANSPORT_LAYER      | INFO     | Data received: b'', with length: 0, from the connection: 1
2026-02-21 21:47:22,094 | TRANSPORT_LAYER      | INFO     | Data received: b'', with length: 0, from the connection: 1
2026-02-21 21:47:22,205 | TRANSPORT_LAYER      | INFO     | Data received: b'', with length: 0, from the connection: 1
2026-02-21 21:47:22,316 | TRANSPORT_LAYER      | INFO     | Data received: b'', with length: 0, from the connection: 1
2026-02-21 21:47:22,427 | TRANSPORT_LAYER      | INFO     | Data received: b'', with length: 0, from the connection: 1
2026-02-21 21:47:22,539 | TRANSPORT_LAYER      | INFO     | Data received: b'', with length: 0, from the connection: 1
2026-02-21 21:47:22,650 | TRANSPORT_LAYER      | INFO     | Data received: b'', with length: 0, from the connection: 1
2026-02-21 21:47:22,761 | TRANSPORT_LAYER      | INFO     | Data received: b'', with length: 0, from the connection: 1
2026-02-21 21:47:22,872 | TRANSPORT_LAYER      | INFO     | Data received: b'', with length: 0, from the connection: 1
2026-02-21 21:47:22,984 | TRANSPORT_LAYER      | INFO     | Data received: b'', with length: 0, from the connection: 1
2026-02-21 21:47:23,095 | TRANSPORT_LAYER      | INFO     | Data received: b'', with length: 0, from the connection: 1
2026-02-21 21:47:23,206 | TRANSPORT_LAYER      | INFO     | Data received: b'', with length: 0, from the connection: 1
2026-02-21 21:47:23,318 | TRANSPORT_LAYER      | INFO     | Data received: b'', with length: 0, from the connection: 1
2026-02-21 21:47:23,429 | TRANSPORT_LAYER      | INFO     | Data received: b'', with length: 0, from the connection: 1
2026-02-21 21:47:23,540 | TRANSPORT_LAYER      | INFO     | Data received: b'', with length: 0, from the connection: 1
2026-02-21 21:47:23,651 | TRANSPORT_LAYER      | INFO     | Data received: b'', with length: 0, from the connection: 1
2026-02-21 21:47:23,762 | TRANSPORT_LAYER      | INFO     | Data received: b'', with length: 0, from the connection: 1
2026-02-21 21:47:23,874 | TRANSPORT_LAYER      | INFO     | Data received: b'', with length: 0, from the connection: 1
2026-02-21 21:47:23,985 | TRANSPORT_LAYER      | INFO     | Data received: b'', with length: 0, from the connection: 1
2026-02-21 21:47:24,096 | TRANSPORT_LAYER      | INFO     | Data received: b'', with length: 0, from the connection: 1
2026-02-21 21:47:24,207 | TRANSPORT_LAYER      | INFO     | Data received: b'', with length: 0, from the connection: 1
2026-02-21 21:47:24,319 | TRANSPORT_LAYER      | INFO     | Data received: b'', with length: 0, from the connection: 1
2026-02-21 21:47:24,430 | TRANSPORT_LAYER      | INFO     | Data received: b'', with length: 0, from the connection: 1
2026-02-21 21:47:24,541 | TRANSPORT_LAYER      | INFO     | Data received: b'', with length: 0, from the connection: 1
2026-02-21 21:47:24,652 | TRANSPORT_LAYER      | INFO     | Data received: b'', with length: 0, from the connection: 1
2026-02-21 21:47:24,763 | TRANSPORT_LAYER      | INFO     | Data received: b'', with length: 0, from the connection: 1
2026-02-21 21:47:24,875 | TRANSPORT_LAYER      | INFO     | Data received: b'', with length: 0, from the connection: 1
2026-02-21 21:47:24,986 | TRANSPORT_LAYER      | INFO     | Data received: b'', with length: 0, from the connection: 1
2026-02-21 21:47:25,097 | TRANSPORT_LAYER      | INFO     | Data received: b'', with length: 0, from the connection: 1
2026-02-21 21:47:25,209 | TRANSPORT_LAYER      | INFO     | Data received: b'', with length: 0, from the connection: 1
2026-02-21 21:47:25,320 | TRANSPORT_LAYER      | INFO     | Data received: b'', with length: 0, from the connection: 1
2026-02-21 21:47:25,431 | TRANSPORT_LAYER      | INFO     | Data received: b'', with length: 0, from the connection: 1
2026-02-21 21:47:25,542 | TRANSPORT_LAYER      | INFO     | Data received: b'', with length: 0, from the connection: 1
2026-02-21 21:47:25,654 | TRANSPORT_LAYER      | INFO     | Data received: b'', with length: 0, from the connection: 1
2026-02-21 21:47:25,765 | TRANSPORT_LAYER      | INFO     | Data received: b'', with length: 0, from the connection: 1
2026-02-21 21:47:25,876 | TRANSPORT_LAYER      | INFO     | Data received: b'', with length: 0, from the connection: 1
2026-02-21 21:47:25,987 | TRANSPORT_LAYER      | INFO     | Data received: b'', with length: 0, from the connection: 1
2026-02-21 21:47:26,099 | TRANSPORT_LAYER      | INFO     | Data received: b'', with length: 0, from the connection: 1
2026-02-21 21:47:26,210 | TRANSPORT_LAYER      | INFO     | Data received: b'', with length: 0, from the connection: 1
2026-02-21 21:47:26,321 | TRANSPORT_LAYER      | INFO     | Data received: b'', with length: 0, from the connection: 1
2026-02-21 21:47:26,433 | TRANSPORT_LAYER      | INFO     | Data received: b'', with length: 0, from the connection: 1
2026-02-21 21:47:26,544 | TRANSPORT_LAYER      | INFO     | Data received: b'', with length: 0, from the connection: 1
2026-02-21 21:47:26,655 | TRANSPORT_LAYER      | INFO     | Data received: b'', with length: 0, from the connection: 1
2026-02-21 21:47:26,766 | TRANSPORT_LAYER      | INFO     | Data received: b'', with length: 0, from the connection: 1
2026-02-21 21:47:26,877 | TRANSPORT_LAYER      | INFO     | Data received: b'', with length: 0, from the connection: 1
2026-02-21 21:47:26,989 | TRANSPORT_LAYER      | INFO     | Data received: b'', with length: 0, from the connection: 1
2026-02-21 21:47:27,100 | TRANSPORT_LAYER      | INFO     | Data received: b'', with length: 0, from the connection: 1
2026-02-21 21:47:27,211 | TRANSPORT_LAYER      | INFO     | Data received: b'', with length: 0, from the connection: 1
2026-02-21 21:47:27,322 | TRANSPORT_LAYER      | INFO     | Data received: b'', with length: 0, from the connection: 1
2026-02-21 21:47:27,434 | TRANSPORT_LAYER      | INFO     | Data received: b'', with length: 0, from the connection: 1
2026-02-21 21:47:27,545 | TRANSPORT_LAYER      | INFO     | Data received: b'', with length: 0, from the connection: 1
2026-02-21 21:47:27,656 | TRANSPORT_LAYER      | INFO     | Data received: b'', with length: 0, from the connection: 1
2026-02-21 21:47:27,767 | TRANSPORT_LAYER      | INFO     | Data received: b'', with length: 0, from the connection: 1
2026-02-21 21:47:27,879 | TRANSPORT_LAYER      | INFO     | Data received: b'', with length: 0, from the connection: 1
2026-02-21 21:47:27,990 | TRANSPORT_LAYER      | INFO     | Data received: b'', with length: 0, from the connection: 1
2026-02-21 21:47:28,101 | TRANSPORT_LAYER      | INFO     | Data received: b'', with length: 0, from the connection: 1
2026-02-21 21:47:28,212 | TRANSPORT_LAYER      | INFO     | Data received: b'', with length: 0, from the connection: 1
2026-02-21 21:47:28,324 | TRANSPORT_LAYER      | INFO     | Data received: b'', with length: 0, from the connection: 1
2026-02-21 21:47:28,435 | TRANSPORT_LAYER      | INFO     | Data received: b'', with length: 0, from the connection: 1
2026-02-21 21:47:28,546 | TRANSPORT_LAYER      | INFO     | Data received: b'', with length: 0, from the connection: 1
2026-02-21 21:47:28,658 | TRANSPORT_LAYER      | INFO     | Data received: b'', with length: 0, from the connection: 1
2026-02-21 21:47:28,769 | TRANSPORT_LAYER      | INFO     | Data received: b'', with length: 0, from the connection: 1
2026-02-21 21:47:28,880 | TRANSPORT_LAYER      | INFO     | Data received: b'', with length: 0, from the connection: 1
2026-02-21 21:47:28,991 | TRANSPORT_LAYER      | INFO     | Data received: b'', with length: 0, from the connection: 1
2026-02-21 21:47:29,103 | TRANSPORT_LAYER      | INFO     | Data received: b'', with length: 0, from the connection: 1
2026-02-21 21:47:29,214 | TRANSPORT_LAYER      | INFO     | Data received: b'', with length: 0, from the connection: 1
2026-02-21 21:47:29,325 | TRANSPORT_LAYER      | INFO     | Data received: b'', with length: 0, from the connection: 1
2026-02-21 21:47:29,437 | TRANSPORT_LAYER      | INFO     | Data received: b'', with length: 0, from the connection: 1
2026-02-21 21:47:29,548 | TRANSPORT_LAYER      | INFO     | Data received: b'', with length: 0, from the connection: 1
2026-02-21 21:47:29,659 | TRANSPORT_LAYER      | INFO     | Data received: b'', with length: 0, from the connection: 1
2026-02-21 21:47:29,770 | TRANSPORT_LAYER      | INFO     | Data received: b'', with length: 0, from the connection: 1
2026-02-21 21:47:29,882 | TRANSPORT_LAYER      | INFO     | Data received: b'', with length: 0, from the connection: 1
2026-02-21 21:47:29,993 | TRANSPORT_LAYER      | INFO     | Data received: b'', with length: 0, from the connection: 1
2026-02-21 21:47:30,104 | TRANSPORT_LAYER      | INFO     | Data received: b'', with length: 0, from the connection: 1
2026-02-21 21:47:30,216 | TRANSPORT_LAYER      | INFO     | Data received: b'', with length: 0, from the connection: 1
2026-02-21 21:47:30,326 | TRANSPORT_LAYER      | INFO     | Data received: b'', with length: 0, from the connection: 1
2026-02-21 21:47:30,437 | TRANSPORT_LAYER      | INFO     | Data received: b'', with length: 0, from the connection: 1
2026-02-21 21:47:30,548 | TRANSPORT_LAYER      | INFO     | Data received: b'', with length: 0, from the connection: 1
2026-02-21 21:47:30,659 | TRANSPORT_LAYER      | INFO     | Data received: b'', with length: 0, from the connection: 1
2026-02-21 21:47:30,771 | TRANSPORT_LAYER      | INFO     | Data received: b'', with length: 0, from the connection: 1
2026-02-21 21:47:30,882 | TRANSPORT_LAYER      | INFO     | Data received: b'', with length: 0, from the connection: 1
2026-02-21 21:47:30,993 | TRANSPORT_LAYER      | INFO     | Data received: b'', with length: 0, from the connection: 1
2026-02-21 21:47:31,105 | TRANSPORT_LAYER      | INFO     | Data received: b'', with length: 0, from the connection: 1
2026-02-21 21:47:31,216 | TRANSPORT_LAYER      | INFO     | Data received: b'', with length: 0, from the connection: 1
2026-02-21 21:47:31,327 | TRANSPORT_LAYER      | INFO     | Data received: b'', with length: 0, from the connection: 1
2026-02-21 21:47:31,438 | TRANSPORT_LAYER      | INFO     | Data received: b'', with length: 0, from the connection: 1
2026-02-21 21:47:31,549 | TRANSPORT_LAYER      | INFO     | Data received: b'', with length: 0, from the connection: 1
2026-02-21 21:47:31,661 | TRANSPORT_LAYER      | INFO     | Data received: b'', with length: 0, from the connection: 1
2026-02-21 21:47:31,772 | TRANSPORT_LAYER      | INFO     | Data received: b'', with length: 0, from the connection: 1
2026-02-21 21:47:31,883 | TRANSPORT_LAYER      | INFO     | Data received: b'', with length: 0, from the connection: 1
2026-02-21 21:47:31,994 | TRANSPORT_LAYER      | INFO     | Data received: b'', with length: 0, from the connection: 1
2026-02-21 21:47:32,106 | TRANSPORT_LAYER      | INFO     | Data received: b'', with length: 0, from the connection: 1
2026-02-21 21:47:32,217 | TRANSPORT_LAYER      | INFO     | Data received: b'', with length: 0, from the connection: 1
2026-02-21 21:47:32,328 | TRANSPORT_LAYER      | INFO     | Data received: b'', with length: 0, from the connection: 1
2026-02-21 21:47:32,439 | TRANSPORT_LAYER      | INFO     | Data received: b'', with length: 0, from the connection: 1
2026-02-21 21:47:32,551 | TRANSPORT_LAYER      | INFO     | Data received: b'', with length: 0, from the connection: 1
2026-02-21 21:47:32,662 | TRANSPORT_LAYER      | INFO     | Data received: b'', with length: 0, from the connection: 1
2026-02-21 21:47:32,773 | TRANSPORT_LAYER      | INFO     | Data received: b'', with length: 0, from the connection: 1
2026-02-21 21:47:32,884 | TRANSPORT_LAYER      | INFO     | Data received: b'', with length: 0, from the connection: 1
2026-02-21 21:47:32,995 | TRANSPORT_LAYER      | INFO     | Data received: b'', with length: 0, from the connection: 1
2026-02-21 21:47:33,106 | TRANSPORT_LAYER      | INFO     | Data received: b'', with length: 0, from the connection: 1
2026-02-21 21:47:33,217 | TRANSPORT_LAYER      | INFO     | Data received: b'', with length: 0, from the connection: 1
2026-02-21 21:47:33,328 | TRANSPORT_LAYER      | INFO     | Data received: b'', with length: 0, from the connection: 1
2026-02-21 21:47:33,439 | TRANSPORT_LAYER      | INFO     | Data received: b'', with length: 0, from the connection: 1
2026-02-21 21:47:33,550 | TRANSPORT_LAYER      | INFO     | Data received: b'', with length: 0, from the connection: 1
2026-02-21 21:47:33,661 | TRANSPORT_LAYER      | INFO     | Data received: b'', with length: 0, from the connection: 1
