2026-02-22 00:16:00,755 | TRANSPORT_LAYER      | INFO     | Transport layer initializated
2026-02-22 00:16:00,757 | TRANSPORT_LAYER      | INFO     | Transport layer connecting with module: <class 'shared.communication_architecture.layers.transport.modules.tcpip.TransportModule'>, with configurations: <configurations.classes.configurations.Configurations object at 0x796f2e922a50>
2026-02-22 00:16:00,758 | TRANSPORT_TCP_IP     | INFO     | Module configurated
2026-02-22 00:16:00,760 | TRANSPORT_TCP_IP     | INFO     | Module initializated
2026-02-22 00:16:00,760 | TRANSPORT_TCP_IP     | INFO     | Connecting module
2026-02-22 00:16:00,763 | TRANSPORT_TCP_IP     | INFO     | Connecting with IP: 2, with TCP
2026-02-22 00:16:00,764 | TRANSPORT_TCP_IP     | INFO     | Module connected successfully
2026-02-22 00:16:00,765 | TRANSPORT_LAYER      | INFO     | Connection result: True
2026-02-22 00:16:00,766 | TRANSPORT_LAYER      | INFO     | Connection (connect) registered with the identifier: 1
2026-02-22 00:16:00,765 | TRANSPORT_TCP_IP     | INFO     | Starting data receiver routine
2026-02-22 00:16:00,769 | PROTECTION_LAYER     | INFO     | Protection layer initializated
2026-02-22 00:16:00,771 | PROTECTION_LAYER     | INFO     | Starting negotation with role: PASSIVE, with the connection: 1
2026-02-22 00:16:00,771 | TRANSPORT_TCP_IP     | INFO     | Sending data to the connection
2026-02-22 00:16:00,772 | TRANSPORT_TCP_IP     | INFO     | Data sended successfully: 74
2026-02-22 00:16:00,871 | TRANSPORT_LAYER      | INFO     | Data received: b'', with length: 0, from the connection: 1
2026-02-22 00:16:00,884 | TRANSPORT_TCP_IP     | INFO     | Total new data append: 44
2026-02-22 00:16:00,884 | TRANSPORT_TCP_IP     | INFO     | Total readed data: 1
2026-02-22 00:16:00,884 | TRANSPORT_LAYER      | INFO     | Data received: b'{', with length: 1, from the connection: 1
2026-02-22 00:16:00,884 | TRANSPORT_TCP_IP     | INFO     | Total readed data: 1
2026-02-22 00:16:00,885 | TRANSPORT_LAYER      | INFO     | Data received: b'"', with length: 1, from the connection: 1
2026-02-22 00:16:00,885 | TRANSPORT_TCP_IP     | INFO     | Total readed data: 1
2026-02-22 00:16:00,885 | TRANSPORT_LAYER      | INFO     | Data received: b'S', with length: 1, from the connection: 1
2026-02-22 00:16:00,885 | TRANSPORT_TCP_IP     | INFO     | Total readed data: 1
2026-02-22 00:16:00,885 | TRANSPORT_LAYER      | INFO     | Data received: b'E', with length: 1, from the connection: 1
2026-02-22 00:16:00,885 | TRANSPORT_TCP_IP     | INFO     | Total readed data: 1
2026-02-22 00:16:00,885 | TRANSPORT_LAYER      | INFO     | Data received: b'L', with length: 1, from the connection: 1
2026-02-22 00:16:00,885 | TRANSPORT_TCP_IP     | INFO     | Total readed data: 1
2026-02-22 00:16:00,886 | TRANSPORT_LAYER      | INFO     | Data received: b'E', with length: 1, from the connection: 1
2026-02-22 00:16:00,886 | TRANSPORT_TCP_IP     | INFO     | Total readed data: 1
2026-02-22 00:16:00,886 | TRANSPORT_LAYER      | INFO     | Data received: b'C', with length: 1, from the connection: 1
2026-02-22 00:16:00,886 | TRANSPORT_TCP_IP     | INFO     | Total readed data: 1
2026-02-22 00:16:00,886 | TRANSPORT_LAYER      | INFO     | Data received: b'T', with length: 1, from the connection: 1
2026-02-22 00:16:00,886 | TRANSPORT_TCP_IP     | INFO     | Total readed data: 1
2026-02-22 00:16:00,886 | TRANSPORT_LAYER      | INFO     | Data received: b'E', with length: 1, from the connection: 1
2026-02-22 00:16:00,886 | TRANSPORT_TCP_IP     | INFO     | Total readed data: 1
2026-02-22 00:16:00,887 | TRANSPORT_LAYER      | INFO     | Data received: b'D', with length: 1, from the connection: 1
2026-02-22 00:16:00,887 | TRANSPORT_TCP_IP     | INFO     | Total readed data: 1
2026-02-22 00:16:00,887 | TRANSPORT_LAYER      | INFO     | Data received: b'_', with length: 1, from the connection: 1
2026-02-22 00:16:00,887 | TRANSPORT_TCP_IP     | INFO     | Total readed data: 1
2026-02-22 00:16:00,887 | TRANSPORT_LAYER      | INFO     | Data received: b'M', with length: 1, from the connection: 1
2026-02-22 00:16:00,887 | TRANSPORT_TCP_IP     | INFO     | Total readed data: 1
2026-02-22 00:16:00,887 | TRANSPORT_LAYER      | INFO     | Data received: b'O', with length: 1, from the connection: 1
2026-02-22 00:16:00,888 | TRANSPORT_TCP_IP     | INFO     | Total readed data: 1
2026-02-22 00:16:00,888 | TRANSPORT_LAYER      | INFO     | Data received: b'D', with length: 1, from the connection: 1
2026-02-22 00:16:00,888 | TRANSPORT_TCP_IP     | INFO     | Total readed data: 1
2026-02-22 00:16:00,888 | TRANSPORT_LAYER      | INFO     | Data received: b'U', with length: 1, from the connection: 1
2026-02-22 00:16:00,888 | TRANSPORT_TCP_IP     | INFO     | Total readed data: 1
2026-02-22 00:16:00,888 | TRANSPORT_LAYER      | INFO     | Data received: b'L', with length: 1, from the connection: 1
2026-02-22 00:16:00,888 | TRANSPORT_TCP_IP     | INFO     | Total readed data: 1
2026-02-22 00:16:00,888 | TRANSPORT_LAYER      | INFO     | Data received: b'E', with length: 1, from the connection: 1
2026-02-22 00:16:00,890 | TRANSPORT_TCP_IP     | INFO     | Total readed data: 1
2026-02-22 00:16:00,890 | TRANSPORT_LAYER      | INFO     | Data received: b'"', with length: 1, from the connection: 1
2026-02-22 00:16:00,890 | TRANSPORT_TCP_IP     | INFO     | Total readed data: 1
2026-02-22 00:16:00,890 | TRANSPORT_LAYER      | INFO     | Data received: b':', with length: 1, from the connection: 1
2026-02-22 00:16:00,891 | TRANSPORT_TCP_IP     | INFO     | Total readed data: 1
2026-02-22 00:16:00,891 | TRANSPORT_LAYER      | INFO     | Data received: b' ', with length: 1, from the connection: 1
2026-02-22 00:16:00,891 | TRANSPORT_TCP_IP     | INFO     | Total readed data: 1
2026-02-22 00:16:00,891 | TRANSPORT_LAYER      | INFO     | Data received: b'"', with length: 1, from the connection: 1
2026-02-22 00:16:00,891 | TRANSPORT_TCP_IP     | INFO     | Total readed data: 1
2026-02-22 00:16:00,891 | TRANSPORT_LAYER      | INFO     | Data received: b'H', with length: 1, from the connection: 1
2026-02-22 00:16:00,891 | TRANSPORT_TCP_IP     | INFO     | Total readed data: 1
2026-02-22 00:16:00,891 | TRANSPORT_LAYER      | INFO     | Data received: b'T', with length: 1, from the connection: 1
2026-02-22 00:16:00,892 | TRANSPORT_TCP_IP     | INFO     | Total readed data: 1
2026-02-22 00:16:00,892 | TRANSPORT_LAYER      | INFO     | Data received: b'T', with length: 1, from the connection: 1
2026-02-22 00:16:00,892 | TRANSPORT_TCP_IP     | INFO     | Total readed data: 1
2026-02-22 00:16:00,892 | TRANSPORT_LAYER      | INFO     | Data received: b'P', with length: 1, from the connection: 1
2026-02-22 00:16:00,892 | TRANSPORT_TCP_IP     | INFO     | Total readed data: 1
2026-02-22 00:16:00,892 | TRANSPORT_LAYER      | INFO     | Data received: b'_', with length: 1, from the connection: 1
2026-02-22 00:16:00,892 | TRANSPORT_TCP_IP     | INFO     | Total readed data: 1
2026-02-22 00:16:00,892 | TRANSPORT_LAYER      | INFO     | Data received: b'P', with length: 1, from the connection: 1
2026-02-22 00:16:00,893 | TRANSPORT_TCP_IP     | INFO     | Total readed data: 1
2026-02-22 00:16:00,893 | TRANSPORT_LAYER      | INFO     | Data received: b'R', with length: 1, from the connection: 1
2026-02-22 00:16:00,893 | TRANSPORT_TCP_IP     | INFO     | Total readed data: 1
2026-02-22 00:16:00,893 | TRANSPORT_LAYER      | INFO     | Data received: b'O', with length: 1, from the connection: 1
2026-02-22 00:16:00,893 | TRANSPORT_TCP_IP     | INFO     | Total readed data: 1
2026-02-22 00:16:00,893 | TRANSPORT_LAYER      | INFO     | Data received: b'T', with length: 1, from the connection: 1
2026-02-22 00:16:00,894 | TRANSPORT_TCP_IP     | INFO     | Total readed data: 1
2026-02-22 00:16:00,894 | TRANSPORT_LAYER      | INFO     | Data received: b'E', with length: 1, from the connection: 1
2026-02-22 00:16:00,894 | TRANSPORT_TCP_IP     | INFO     | Total readed data: 1
2026-02-22 00:16:00,894 | TRANSPORT_LAYER      | INFO     | Data received: b'C', with length: 1, from the connection: 1
2026-02-22 00:16:00,894 | TRANSPORT_TCP_IP     | INFO     | Total readed data: 1
2026-02-22 00:16:00,894 | TRANSPORT_LAYER      | INFO     | Data received: b'T', with length: 1, from the connection: 1
2026-02-22 00:16:00,894 | TRANSPORT_TCP_IP     | INFO     | Total readed data: 1
2026-02-22 00:16:00,894 | TRANSPORT_LAYER      | INFO     | Data received: b'I', with length: 1, from the connection: 1
2026-02-22 00:16:00,895 | TRANSPORT_TCP_IP     | INFO     | Total readed data: 1
2026-02-22 00:16:00,895 | TRANSPORT_LAYER      | INFO     | Data received: b'O', with length: 1, from the connection: 1
2026-02-22 00:16:00,895 | TRANSPORT_TCP_IP     | INFO     | Total readed data: 1
2026-02-22 00:16:00,895 | TRANSPORT_LAYER      | INFO     | Data received: b'N', with length: 1, from the connection: 1
2026-02-22 00:16:00,895 | TRANSPORT_TCP_IP     | INFO     | Total readed data: 1
2026-02-22 00:16:00,895 | TRANSPORT_LAYER      | INFO     | Data received: b'"', with length: 1, from the connection: 1
2026-02-22 00:16:00,895 | TRANSPORT_TCP_IP     | INFO     | Total readed data: 1
2026-02-22 00:16:00,895 | TRANSPORT_LAYER      | INFO     | Data received: b'}', with length: 1, from the connection: 1
2026-02-22 00:16:00,896 | TRANSPORT_TCP_IP     | INFO     | Total readed data: 1
2026-02-22 00:16:00,896 | TRANSPORT_LAYER      | INFO     | Data received: b'\x01', with length: 1, from the connection: 1
2026-02-22 00:16:00,896 | TRANSPORT_TCP_IP     | INFO     | Total readed data: 1
2026-02-22 00:16:00,896 | TRANSPORT_LAYER      | INFO     | Data received: b'\x02', with length: 1, from the connection: 1
2026-02-22 00:16:00,896 | TRANSPORT_TCP_IP     | INFO     | Total readed data: 1
2026-02-22 00:16:00,896 | TRANSPORT_LAYER      | INFO     | Data received: b'\x03', with length: 1, from the connection: 1
2026-02-22 00:16:00,896 | TRANSPORT_TCP_IP     | INFO     | Total readed data: 1
2026-02-22 00:16:00,897 | TRANSPORT_LAYER      | INFO     | Data received: b'\x01', with length: 1, from the connection: 1
2026-02-22 00:16:00,897 | TRANSPORT_TCP_IP     | INFO     | Total readed data: 1
2026-02-22 00:16:00,897 | TRANSPORT_LAYER      | INFO     | Data received: b'\x01', with length: 1, from the connection: 1
2026-02-22 00:16:00,897 | TRANSPORT_TCP_IP     | INFO     | Total readed data: 1
2026-02-22 00:16:00,897 | TRANSPORT_LAYER      | INFO     | Data received: b'\x01', with length: 1, from the connection: 1
2026-02-22 00:16:00,897 | PROTECTION_LAYER     | INFO     | Available modules: ['TRANSPARENT_PROTECTION', 'HTTP_PROTECTION']
2026-02-22 00:16:00,898 | PROTECTION_LAYER     | INFO     | Selected module: {'SELECTED_MODULE': 'HTTP_PROTECTION'}
2026-02-22 00:16:00,898 | TRANSPORT_TCP_IP     | INFO     | Sending data to the connection
2026-02-22 00:16:00,898 | TRANSPORT_TCP_IP     | INFO     | Data sended successfully: 35
2026-02-22 00:16:00,998 | TRANSPORT_LAYER      | INFO     | Data received: b'', with length: 0, from the connection: 1
2026-02-22 00:16:01,033 | TRANSPORT_TCP_IP     | INFO     | Total new data append: 35
2026-02-22 00:16:01,109 | TRANSPORT_LAYER      | INFO     | Data received: b'', with length: 0, from the connection: 1
2026-02-22 00:16:01,120 | TRANSPORT_TCP_IP     | INFO     | Total readed data: 1
2026-02-22 00:16:01,120 | TRANSPORT_LAYER      | INFO     | Data received: b'{', with length: 1, from the connection: 1
2026-02-22 00:16:01,120 | TRANSPORT_TCP_IP     | INFO     | Total readed data: 1
2026-02-22 00:16:01,120 | TRANSPORT_LAYER      | INFO     | Data received: b'"', with length: 1, from the connection: 1
2026-02-22 00:16:01,120 | TRANSPORT_TCP_IP     | INFO     | Total readed data: 1
2026-02-22 00:16:01,120 | TRANSPORT_LAYER      | INFO     | Data received: b'M', with length: 1, from the connection: 1
2026-02-22 00:16:01,121 | TRANSPORT_TCP_IP     | INFO     | Total readed data: 1
2026-02-22 00:16:01,121 | TRANSPORT_LAYER      | INFO     | Data received: b'O', with length: 1, from the connection: 1
2026-02-22 00:16:01,121 | TRANSPORT_TCP_IP     | INFO     | Total readed data: 1
2026-02-22 00:16:01,121 | TRANSPORT_LAYER      | INFO     | Data received: b'D', with length: 1, from the connection: 1
2026-02-22 00:16:01,121 | TRANSPORT_TCP_IP     | INFO     | Total readed data: 1
2026-02-22 00:16:01,121 | TRANSPORT_LAYER      | INFO     | Data received: b'U', with length: 1, from the connection: 1
2026-02-22 00:16:01,121 | TRANSPORT_TCP_IP     | INFO     | Total readed data: 1
2026-02-22 00:16:01,121 | TRANSPORT_LAYER      | INFO     | Data received: b'L', with length: 1, from the connection: 1
2026-02-22 00:16:01,122 | TRANSPORT_TCP_IP     | INFO     | Total readed data: 1
2026-02-22 00:16:01,122 | TRANSPORT_LAYER      | INFO     | Data received: b'E', with length: 1, from the connection: 1
2026-02-22 00:16:01,123 | TRANSPORT_TCP_IP     | INFO     | Total readed data: 1
2026-02-22 00:16:01,123 | TRANSPORT_LAYER      | INFO     | Data received: b'_', with length: 1, from the connection: 1
2026-02-22 00:16:01,123 | TRANSPORT_TCP_IP     | INFO     | Total readed data: 1
2026-02-22 00:16:01,123 | TRANSPORT_LAYER      | INFO     | Data received: b'C', with length: 1, from the connection: 1
2026-02-22 00:16:01,124 | TRANSPORT_TCP_IP     | INFO     | Total readed data: 1
2026-02-22 00:16:01,124 | TRANSPORT_LAYER      | INFO     | Data received: b'O', with length: 1, from the connection: 1
2026-02-22 00:16:01,124 | TRANSPORT_TCP_IP     | INFO     | Total readed data: 1
2026-02-22 00:16:01,124 | TRANSPORT_LAYER      | INFO     | Data received: b'N', with length: 1, from the connection: 1
2026-02-22 00:16:01,124 | TRANSPORT_TCP_IP     | INFO     | Total readed data: 1
2026-02-22 00:16:01,124 | TRANSPORT_LAYER      | INFO     | Data received: b'F', with length: 1, from the connection: 1
2026-02-22 00:16:01,124 | TRANSPORT_TCP_IP     | INFO     | Total readed data: 1
2026-02-22 00:16:01,124 | TRANSPORT_LAYER      | INFO     | Data received: b'I', with length: 1, from the connection: 1
2026-02-22 00:16:01,124 | TRANSPORT_TCP_IP     | INFO     | Total readed data: 1
2026-02-22 00:16:01,124 | TRANSPORT_LAYER      | INFO     | Data received: b'G', with length: 1, from the connection: 1
2026-02-22 00:16:01,125 | TRANSPORT_TCP_IP     | INFO     | Total readed data: 1
2026-02-22 00:16:01,125 | TRANSPORT_LAYER      | INFO     | Data received: b'U', with length: 1, from the connection: 1
2026-02-22 00:16:01,125 | TRANSPORT_TCP_IP     | INFO     | Total readed data: 1
2026-02-22 00:16:01,125 | TRANSPORT_LAYER      | INFO     | Data received: b'R', with length: 1, from the connection: 1
2026-02-22 00:16:01,125 | TRANSPORT_TCP_IP     | INFO     | Total readed data: 1
2026-02-22 00:16:01,125 | TRANSPORT_LAYER      | INFO     | Data received: b'A', with length: 1, from the connection: 1
2026-02-22 00:16:01,125 | TRANSPORT_TCP_IP     | INFO     | Total readed data: 1
2026-02-22 00:16:01,125 | TRANSPORT_LAYER      | INFO     | Data received: b'T', with length: 1, from the connection: 1
2026-02-22 00:16:01,125 | TRANSPORT_TCP_IP     | INFO     | Total readed data: 1
2026-02-22 00:16:01,126 | TRANSPORT_LAYER      | INFO     | Data received: b'I', with length: 1, from the connection: 1
2026-02-22 00:16:01,126 | TRANSPORT_TCP_IP     | INFO     | Total readed data: 1
2026-02-22 00:16:01,126 | TRANSPORT_LAYER      | INFO     | Data received: b'O', with length: 1, from the connection: 1
2026-02-22 00:16:01,126 | TRANSPORT_TCP_IP     | INFO     | Total readed data: 1
2026-02-22 00:16:01,126 | TRANSPORT_LAYER      | INFO     | Data received: b'N', with length: 1, from the connection: 1
2026-02-22 00:16:01,126 | TRANSPORT_TCP_IP     | INFO     | Total readed data: 1
2026-02-22 00:16:01,126 | TRANSPORT_LAYER      | INFO     | Data received: b'S', with length: 1, from the connection: 1
2026-02-22 00:16:01,126 | TRANSPORT_TCP_IP     | INFO     | Total readed data: 1
2026-02-22 00:16:01,126 | TRANSPORT_LAYER      | INFO     | Data received: b'"', with length: 1, from the connection: 1
2026-02-22 00:16:01,127 | TRANSPORT_TCP_IP     | INFO     | Total readed data: 1
2026-02-22 00:16:01,127 | TRANSPORT_LAYER      | INFO     | Data received: b':', with length: 1, from the connection: 1
2026-02-22 00:16:01,127 | TRANSPORT_TCP_IP     | INFO     | Total readed data: 1
2026-02-22 00:16:01,127 | TRANSPORT_LAYER      | INFO     | Data received: b' ', with length: 1, from the connection: 1
2026-02-22 00:16:01,127 | TRANSPORT_TCP_IP     | INFO     | Total readed data: 1
2026-02-22 00:16:01,127 | TRANSPORT_LAYER      | INFO     | Data received: b'{', with length: 1, from the connection: 1
2026-02-22 00:16:01,127 | TRANSPORT_TCP_IP     | INFO     | Total readed data: 1
2026-02-22 00:16:01,127 | TRANSPORT_LAYER      | INFO     | Data received: b'}', with length: 1, from the connection: 1
2026-02-22 00:16:01,127 | TRANSPORT_TCP_IP     | INFO     | Total readed data: 1
2026-02-22 00:16:01,127 | TRANSPORT_LAYER      | INFO     | Data received: b'}', with length: 1, from the connection: 1
2026-02-22 00:16:01,128 | TRANSPORT_TCP_IP     | INFO     | Total readed data: 1
2026-02-22 00:16:01,128 | TRANSPORT_LAYER      | INFO     | Data received: b'\x01', with length: 1, from the connection: 1
2026-02-22 00:16:01,128 | TRANSPORT_TCP_IP     | INFO     | Total readed data: 1
2026-02-22 00:16:01,128 | TRANSPORT_LAYER      | INFO     | Data received: b'\x02', with length: 1, from the connection: 1
2026-02-22 00:16:01,128 | TRANSPORT_TCP_IP     | INFO     | Total readed data: 1
2026-02-22 00:16:01,128 | TRANSPORT_LAYER      | INFO     | Data received: b'\x03', with length: 1, from the connection: 1
2026-02-22 00:16:01,128 | TRANSPORT_TCP_IP     | INFO     | Total readed data: 1
2026-02-22 00:16:01,128 | TRANSPORT_LAYER      | INFO     | Data received: b'\x01', with length: 1, from the connection: 1
2026-02-22 00:16:01,128 | TRANSPORT_TCP_IP     | INFO     | Total readed data: 1
2026-02-22 00:16:01,128 | TRANSPORT_LAYER      | INFO     | Data received: b'\x01', with length: 1, from the connection: 1
2026-02-22 00:16:01,129 | TRANSPORT_TCP_IP     | INFO     | Total readed data: 1
2026-02-22 00:16:01,129 | TRANSPORT_LAYER      | INFO     | Data received: b'\x01', with length: 1, from the connection: 1
2026-02-22 00:16:01,129 | PROTECTION_LAYER     | INFO     | Personalized settings received
2026-02-22 00:16:01,130 | HTTP_PROTECTION      | INFO     | Module configurated
2026-02-22 00:16:01,130 | HTTP_PROTECTION      | INFO     | Starting read data routine
2026-02-22 00:16:01,130 | HTTP_PROTECTION      | INFO     | Module initializated
2026-02-22 00:16:01,131 | PROTECTION_LAYER     | INFO     | Module loaded: <class 'shared.communication_architecture.layers.protection.modules.http.ProtectionModule'>, with configurations: <configurations.classes.configurations.Configurations object at 0x796f2e9380b0>, and started
2026-02-22 00:16:01,131 | PROTECTION_LAYER     | INFO     | Module loaded
2026-02-22 00:16:01,230 | TRANSPORT_LAYER      | INFO     | Data received: b'', with length: 0, from the connection: 1
2026-02-22 00:16:01,231 | TRANSPORT_LAYER      | INFO     | Data received: b'', with length: 0, from the connection: 1
2026-02-22 00:16:01,352 | TRANSPORT_LAYER      | INFO     | Data received: b'', with length: 0, from the connection: 1
2026-02-22 00:16:01,473 | TRANSPORT_LAYER      | INFO     | Data received: b'', with length: 0, from the connection: 1
2026-02-22 00:16:01,594 | TRANSPORT_LAYER      | INFO     | Data received: b'', with length: 0, from the connection: 1
2026-02-22 00:16:01,716 | TRANSPORT_LAYER      | INFO     | Data received: b'', with length: 0, from the connection: 1
2026-02-22 00:16:01,837 | TRANSPORT_LAYER      | INFO     | Data received: b'', with length: 0, from the connection: 1
2026-02-22 00:16:01,958 | TRANSPORT_LAYER      | INFO     | Data received: b'', with length: 0, from the connection: 1
2026-02-22 00:16:02,081 | TRANSPORT_LAYER      | INFO     | Data received: b'', with length: 0, from the connection: 1
2026-02-22 00:16:02,208 | SECURITY_LAYER       | INFO     | Security layer initializated
2026-02-22 00:16:02,210 | TRANSPORT_LAYER      | INFO     | Data received: b'', with length: 0, from the connection: 1
2026-02-22 00:16:02,209 | PROTECTION_LAYER     | INFO     | Receiving data from the connection: 1, with limit: None, and timeout: None
2026-02-22 00:16:02,321 | PROTECTION_LAYER     | INFO     | Receiving data from the connection: 1, with limit: None, and timeout: None
2026-02-22 00:16:02,331 | TRANSPORT_LAYER      | INFO     | Data received: b'', with length: 0, from the connection: 1
2026-02-22 00:16:02,432 | PROTECTION_LAYER     | INFO     | Receiving data from the connection: 1, with limit: None, and timeout: None
2026-02-22 00:16:02,452 | TRANSPORT_LAYER      | INFO     | Data received: b'', with length: 0, from the connection: 1
2026-02-22 00:16:02,543 | PROTECTION_LAYER     | INFO     | Receiving data from the connection: 1, with limit: None, and timeout: None
2026-02-22 00:16:02,573 | TRANSPORT_LAYER      | INFO     | Data received: b'', with length: 0, from the connection: 1
2026-02-22 00:16:02,654 | PROTECTION_LAYER     | INFO     | Receiving data from the connection: 1, with limit: None, and timeout: None
2026-02-22 00:16:02,695 | TRANSPORT_LAYER      | INFO     | Data received: b'', with length: 0, from the connection: 1
2026-02-22 00:16:02,765 | PROTECTION_LAYER     | INFO     | Receiving data from the connection: 1, with limit: None, and timeout: None
2026-02-22 00:16:02,816 | TRANSPORT_LAYER      | INFO     | Data received: b'', with length: 0, from the connection: 1
2026-02-22 00:16:02,877 | PROTECTION_LAYER     | INFO     | Receiving data from the connection: 1, with limit: None, and timeout: None
2026-02-22 00:16:02,938 | TRANSPORT_LAYER      | INFO     | Data received: b'', with length: 0, from the connection: 1
2026-02-22 00:16:02,988 | PROTECTION_LAYER     | INFO     | Receiving data from the connection: 1, with limit: None, and timeout: None
2026-02-22 00:16:03,059 | TRANSPORT_LAYER      | INFO     | Data received: b'', with length: 0, from the connection: 1
2026-02-22 00:16:03,099 | PROTECTION_LAYER     | INFO     | Receiving data from the connection: 1, with limit: None, and timeout: None
2026-02-22 00:16:03,180 | TRANSPORT_LAYER      | INFO     | Data received: b'', with length: 0, from the connection: 1
2026-02-22 00:16:03,210 | PROTECTION_LAYER     | INFO     | Receiving data from the connection: 1, with limit: None, and timeout: None
2026-02-22 00:16:03,302 | TRANSPORT_LAYER      | INFO     | Data received: b'', with length: 0, from the connection: 1
2026-02-22 00:16:03,321 | PROTECTION_LAYER     | INFO     | Receiving data from the connection: 1, with limit: None, and timeout: None
2026-02-22 00:16:03,423 | TRANSPORT_LAYER      | INFO     | Data received: b'', with length: 0, from the connection: 1
2026-02-22 00:16:03,433 | PROTECTION_LAYER     | INFO     | Receiving data from the connection: 1, with limit: None, and timeout: None
2026-02-22 00:16:03,544 | PROTECTION_LAYER     | INFO     | Receiving data from the connection: 1, with limit: None, and timeout: None
2026-02-22 00:16:03,544 | TRANSPORT_LAYER      | INFO     | Data received: b'', with length: 0, from the connection: 1
2026-02-22 00:16:03,655 | PROTECTION_LAYER     | INFO     | Receiving data from the connection: 1, with limit: None, and timeout: None
2026-02-22 00:16:03,666 | TRANSPORT_LAYER      | INFO     | Data received: b'', with length: 0, from the connection: 1
2026-02-22 00:16:03,767 | PROTECTION_LAYER     | INFO     | Receiving data from the connection: 1, with limit: None, and timeout: None
2026-02-22 00:16:03,787 | TRANSPORT_LAYER      | INFO     | Data received: b'', with length: 0, from the connection: 1
2026-02-22 00:16:03,878 | PROTECTION_LAYER     | INFO     | Receiving data from the connection: 1, with limit: None, and timeout: None
2026-02-22 00:16:03,909 | TRANSPORT_LAYER      | INFO     | Data received: b'', with length: 0, from the connection: 1
2026-02-22 00:16:03,989 | PROTECTION_LAYER     | INFO     | Receiving data from the connection: 1, with limit: None, and timeout: None
2026-02-22 00:16:04,030 | TRANSPORT_LAYER      | INFO     | Data received: b'', with length: 0, from the connection: 1
2026-02-22 00:16:04,100 | PROTECTION_LAYER     | INFO     | Receiving data from the connection: 1, with limit: None, and timeout: None
2026-02-22 00:16:04,152 | TRANSPORT_LAYER      | INFO     | Data received: b'', with length: 0, from the connection: 1
2026-02-22 00:16:04,212 | PROTECTION_LAYER     | INFO     | Receiving data from the connection: 1, with limit: None, and timeout: None
2026-02-22 00:16:04,273 | TRANSPORT_LAYER      | INFO     | Data received: b'', with length: 0, from the connection: 1
2026-02-22 00:16:04,323 | PROTECTION_LAYER     | INFO     | Receiving data from the connection: 1, with limit: None, and timeout: None
2026-02-22 00:16:04,394 | TRANSPORT_LAYER      | INFO     | Data received: b'', with length: 0, from the connection: 1
2026-02-22 00:16:04,434 | PROTECTION_LAYER     | INFO     | Receiving data from the connection: 1, with limit: None, and timeout: None
2026-02-22 00:16:04,516 | TRANSPORT_LAYER      | INFO     | Data received: b'', with length: 0, from the connection: 1
2026-02-22 00:16:04,545 | PROTECTION_LAYER     | INFO     | Receiving data from the connection: 1, with limit: None, and timeout: None
2026-02-22 00:16:04,637 | TRANSPORT_LAYER      | INFO     | Data received: b'', with length: 0, from the connection: 1
2026-02-22 00:16:04,657 | PROTECTION_LAYER     | INFO     | Receiving data from the connection: 1, with limit: None, and timeout: None
2026-02-22 00:16:04,759 | TRANSPORT_LAYER      | INFO     | Data received: b'', with length: 0, from the connection: 1
2026-02-22 00:16:04,768 | PROTECTION_LAYER     | INFO     | Receiving data from the connection: 1, with limit: None, and timeout: None
2026-02-22 00:16:04,879 | PROTECTION_LAYER     | INFO     | Receiving data from the connection: 1, with limit: None, and timeout: None
2026-02-22 00:16:04,880 | TRANSPORT_LAYER      | INFO     | Data received: b'', with length: 0, from the connection: 1
2026-02-22 00:16:04,990 | PROTECTION_LAYER     | INFO     | Receiving data from the connection: 1, with limit: None, and timeout: None
2026-02-22 00:16:05,002 | TRANSPORT_LAYER      | INFO     | Data received: b'', with length: 0, from the connection: 1
2026-02-22 00:16:05,102 | PROTECTION_LAYER     | INFO     | Receiving data from the connection: 1, with limit: None, and timeout: None
2026-02-22 00:16:05,123 | TRANSPORT_LAYER      | INFO     | Data received: b'', with length: 0, from the connection: 1
2026-02-22 00:16:05,213 | PROTECTION_LAYER     | INFO     | Receiving data from the connection: 1, with limit: None, and timeout: None
2026-02-22 00:16:05,245 | TRANSPORT_LAYER      | INFO     | Data received: b'', with length: 0, from the connection: 1
2026-02-22 00:16:05,324 | PROTECTION_LAYER     | INFO     | Receiving data from the connection: 1, with limit: None, and timeout: None
2026-02-22 00:16:05,366 | TRANSPORT_LAYER      | INFO     | Data received: b'', with length: 0, from the connection: 1
2026-02-22 00:16:05,435 | PROTECTION_LAYER     | INFO     | Receiving data from the connection: 1, with limit: None, and timeout: None
2026-02-22 00:16:05,488 | TRANSPORT_LAYER      | INFO     | Data received: b'', with length: 0, from the connection: 1
2026-02-22 00:16:05,547 | PROTECTION_LAYER     | INFO     | Receiving data from the connection: 1, with limit: None, and timeout: None
2026-02-22 00:16:05,609 | TRANSPORT_LAYER      | INFO     | Data received: b'', with length: 0, from the connection: 1
2026-02-22 00:16:05,658 | PROTECTION_LAYER     | INFO     | Receiving data from the connection: 1, with limit: None, and timeout: None
2026-02-22 00:16:05,731 | TRANSPORT_LAYER      | INFO     | Data received: b'', with length: 0, from the connection: 1
2026-02-22 00:16:05,769 | PROTECTION_LAYER     | INFO     | Receiving data from the connection: 1, with limit: None, and timeout: None
2026-02-22 00:16:05,852 | TRANSPORT_LAYER      | INFO     | Data received: b'', with length: 0, from the connection: 1
2026-02-22 00:16:05,881 | PROTECTION_LAYER     | INFO     | Receiving data from the connection: 1, with limit: None, and timeout: None
2026-02-22 00:16:05,974 | TRANSPORT_LAYER      | INFO     | Data received: b'', with length: 0, from the connection: 1
2026-02-22 00:16:05,992 | PROTECTION_LAYER     | INFO     | Receiving data from the connection: 1, with limit: None, and timeout: None
2026-02-22 00:16:06,095 | TRANSPORT_LAYER      | INFO     | Data received: b'', with length: 0, from the connection: 1
2026-02-22 00:16:06,103 | PROTECTION_LAYER     | INFO     | Receiving data from the connection: 1, with limit: None, and timeout: None
2026-02-22 00:16:06,214 | PROTECTION_LAYER     | INFO     | Receiving data from the connection: 1, with limit: None, and timeout: None
2026-02-22 00:16:06,217 | TRANSPORT_LAYER      | INFO     | Data received: b'', with length: 0, from the connection: 1
2026-02-22 00:16:06,326 | PROTECTION_LAYER     | INFO     | Receiving data from the connection: 1, with limit: None, and timeout: None
2026-02-22 00:16:06,338 | TRANSPORT_LAYER      | INFO     | Data received: b'', with length: 0, from the connection: 1
2026-02-22 00:16:06,437 | PROTECTION_LAYER     | INFO     | Receiving data from the connection: 1, with limit: None, and timeout: None
2026-02-22 00:16:06,459 | TRANSPORT_LAYER      | INFO     | Data received: b'', with length: 0, from the connection: 1
2026-02-22 00:16:06,548 | PROTECTION_LAYER     | INFO     | Receiving data from the connection: 1, with limit: None, and timeout: None
2026-02-22 00:16:06,581 | TRANSPORT_LAYER      | INFO     | Data received: b'', with length: 0, from the connection: 1
2026-02-22 00:16:06,659 | PROTECTION_LAYER     | INFO     | Receiving data from the connection: 1, with limit: None, and timeout: None
2026-02-22 00:16:06,703 | TRANSPORT_LAYER      | INFO     | Data received: b'', with length: 0, from the connection: 1
2026-02-22 00:16:06,771 | PROTECTION_LAYER     | INFO     | Receiving data from the connection: 1, with limit: None, and timeout: None
2026-02-22 00:16:06,824 | TRANSPORT_LAYER      | INFO     | Data received: b'', with length: 0, from the connection: 1
2026-02-22 00:16:06,882 | PROTECTION_LAYER     | INFO     | Receiving data from the connection: 1, with limit: None, and timeout: None
2026-02-22 00:16:06,945 | TRANSPORT_LAYER      | INFO     | Data received: b'', with length: 0, from the connection: 1
2026-02-22 00:16:06,993 | PROTECTION_LAYER     | INFO     | Receiving data from the connection: 1, with limit: None, and timeout: None
2026-02-22 00:16:07,066 | TRANSPORT_LAYER      | INFO     | Data received: b'', with length: 0, from the connection: 1
2026-02-22 00:16:07,105 | PROTECTION_LAYER     | INFO     | Receiving data from the connection: 1, with limit: None, and timeout: None
2026-02-22 00:16:07,190 | TRANSPORT_LAYER      | INFO     | Data received: b'', with length: 0, from the connection: 1
2026-02-22 00:16:07,216 | PROTECTION_LAYER     | INFO     | Receiving data from the connection: 1, with limit: None, and timeout: None
2026-02-22 00:16:07,311 | TRANSPORT_LAYER      | INFO     | Data received: b'', with length: 0, from the connection: 1
2026-02-22 00:16:07,329 | PROTECTION_LAYER     | INFO     | Receiving data from the connection: 1, with limit: None, and timeout: None
2026-02-22 00:16:07,432 | TRANSPORT_LAYER      | INFO     | Data received: b'', with length: 0, from the connection: 1
2026-02-22 00:16:07,440 | PROTECTION_LAYER     | INFO     | Receiving data from the connection: 1, with limit: None, and timeout: None
2026-02-22 00:16:07,551 | PROTECTION_LAYER     | INFO     | Receiving data from the connection: 1, with limit: None, and timeout: None
2026-02-22 00:16:07,554 | TRANSPORT_LAYER      | INFO     | Data received: b'', with length: 0, from the connection: 1
2026-02-22 00:16:07,662 | PROTECTION_LAYER     | INFO     | Receiving data from the connection: 1, with limit: None, and timeout: None
2026-02-22 00:16:07,675 | TRANSPORT_LAYER      | INFO     | Data received: b'', with length: 0, from the connection: 1
2026-02-22 00:16:07,773 | PROTECTION_LAYER     | INFO     | Receiving data from the connection: 1, with limit: None, and timeout: None
2026-02-22 00:16:07,797 | TRANSPORT_LAYER      | INFO     | Data received: b'', with length: 0, from the connection: 1
2026-02-22 00:16:07,884 | PROTECTION_LAYER     | INFO     | Receiving data from the connection: 1, with limit: None, and timeout: None
2026-02-22 00:16:07,918 | TRANSPORT_LAYER      | INFO     | Data received: b'', with length: 0, from the connection: 1
2026-02-22 00:16:07,995 | PROTECTION_LAYER     | INFO     | Receiving data from the connection: 1, with limit: None, and timeout: None
2026-02-22 00:16:08,040 | TRANSPORT_LAYER      | INFO     | Data received: b'', with length: 0, from the connection: 1
2026-02-22 00:16:08,106 | PROTECTION_LAYER     | INFO     | Receiving data from the connection: 1, with limit: None, and timeout: None
2026-02-22 00:16:08,161 | TRANSPORT_LAYER      | INFO     | Data received: b'', with length: 0, from the connection: 1
2026-02-22 00:16:08,217 | PROTECTION_LAYER     | INFO     | Receiving data from the connection: 1, with limit: None, and timeout: None
2026-02-22 00:16:08,283 | TRANSPORT_LAYER      | INFO     | Data received: b'', with length: 0, from the connection: 1
2026-02-22 00:16:08,328 | PROTECTION_LAYER     | INFO     | Receiving data from the connection: 1, with limit: None, and timeout: None
2026-02-22 00:16:08,404 | TRANSPORT_LAYER      | INFO     | Data received: b'', with length: 0, from the connection: 1
2026-02-22 00:16:08,440 | PROTECTION_LAYER     | INFO     | Receiving data from the connection: 1, with limit: None, and timeout: None
2026-02-22 00:16:08,526 | TRANSPORT_LAYER      | INFO     | Data received: b'', with length: 0, from the connection: 1
2026-02-22 00:16:08,551 | PROTECTION_LAYER     | INFO     | Receiving data from the connection: 1, with limit: None, and timeout: None
2026-02-22 00:16:08,647 | TRANSPORT_LAYER      | INFO     | Data received: b'', with length: 0, from the connection: 1
2026-02-22 00:16:08,662 | PROTECTION_LAYER     | INFO     | Receiving data from the connection: 1, with limit: None, and timeout: None
2026-02-22 00:16:08,769 | TRANSPORT_LAYER      | INFO     | Data received: b'', with length: 0, from the connection: 1
2026-02-22 00:16:08,773 | PROTECTION_LAYER     | INFO     | Receiving data from the connection: 1, with limit: None, and timeout: None
2026-02-22 00:16:08,885 | PROTECTION_LAYER     | INFO     | Receiving data from the connection: 1, with limit: None, and timeout: None
2026-02-22 00:16:08,890 | TRANSPORT_LAYER      | INFO     | Data received: b'', with length: 0, from the connection: 1
2026-02-22 00:16:08,996 | PROTECTION_LAYER     | INFO     | Receiving data from the connection: 1, with limit: None, and timeout: None
2026-02-22 00:16:09,012 | TRANSPORT_LAYER      | INFO     | Data received: b'', with length: 0, from the connection: 1
2026-02-22 00:16:09,107 | PROTECTION_LAYER     | INFO     | Receiving data from the connection: 1, with limit: None, and timeout: None
2026-02-22 00:16:09,133 | TRANSPORT_LAYER      | INFO     | Data received: b'', with length: 0, from the connection: 1
2026-02-22 00:16:09,219 | PROTECTION_LAYER     | INFO     | Receiving data from the connection: 1, with limit: None, and timeout: None
2026-02-22 00:16:09,255 | TRANSPORT_LAYER      | INFO     | Data received: b'', with length: 0, from the connection: 1
2026-02-22 00:16:09,259 | TRANSPORT_LAYER      | INFO     | Disconnecting from connection: 1
2026-02-22 00:16:09,260 | TRANSPORT_TCP_IP     | INFO     | Disconnecting module
2026-02-22 00:16:09,260 | TRANSPORT_TCP_IP     | INFO     | Module disconnected successfully
2026-02-22 00:16:09,260 | TRANSPORT_LAYER      | INFO     | Disconnection result: True
